2017-01-06 18:08:32.313 [JavaFX Application Thread] INFO  uk.co.streefland.rhys.finalyearproject.gui.Main - Shortcut Messenger UI
2017-01-06 18:08:33.020 [JavaFX Application Thread] INFO  uk.co.streefland.rhys.finalyearproject.core.IPTools - Internet connection is operational
2017-01-06 18:08:33.323 [JavaFX Application Thread] INFO  uk.co.streefland.rhys.finalyearproject.core.IPTools - Public IP address is: 82.14.65.251
2017-01-06 18:08:33.324 [JavaFX Application Thread] INFO  uk.co.streefland.rhys.finalyearproject.core.IPTools - Private IP address is: 192.168.0.6
2017-01-06 18:08:38.639 [Thread-7] INFO  uk.co.streefland.rhys.finalyearproject.core.LocalNode - Shortcut Messenger build 1626
2017-01-06 18:08:38.659 [Thread-7] INFO  uk.co.streefland.rhys.finalyearproject.core.LocalNode - LocalNode ID:1414714BD5E063D8B7558EE47FC0E6CB503D6B3E
2017-01-06 18:08:38.660 [Thread-7] INFO  uk.co.streefland.rhys.finalyearproject.core.Server - Starting server
2017-01-06 18:08:38.661 [Thread-9] INFO  uk.co.streefland.rhys.finalyearproject.core.Server - Server is listening on port 12345
2017-01-11 15:33:09.483 [JavaFX Application Thread] INFO  uk.co.streefland.rhys.finalyearproject.gui.Main - Shortcut Messenger UI
2017-01-11 15:33:10.403 [JavaFX Application Thread] INFO  uk.co.streefland.rhys.finalyearproject.core.IPTools - Internet connection is operational
2017-01-11 15:33:10.716 [JavaFX Application Thread] INFO  uk.co.streefland.rhys.finalyearproject.core.IPTools - Public IP address is: 134.225.30.166
2017-01-11 15:33:10.718 [JavaFX Application Thread] INFO  uk.co.streefland.rhys.finalyearproject.core.IPTools - Private IP address is: 10.30.69.75
2017-01-11 15:33:33.665 [main] INFO  uk.co.streefland.rhys.finalyearproject.core.IPTools - Internet connection is operational
2017-01-11 15:33:33.910 [main] INFO  uk.co.streefland.rhys.finalyearproject.core.IPTools - Public IP address is: 134.225.30.166
2017-01-11 15:33:33.914 [main] INFO  uk.co.streefland.rhys.finalyearproject.core.IPTools - Private IP address is: 10.30.69.75
2017-01-11 15:33:52.126 [main] INFO  uk.co.streefland.rhys.finalyearproject.core.LocalNode - Shortcut Messenger build 1626
2017-01-11 15:33:52.192 [main] INFO  uk.co.streefland.rhys.finalyearproject.core.LocalNode - LocalNode ID:F5CFD8AA33F5A704987CDC719D8FD901FFEE5168
2017-01-11 15:33:52.192 [main] INFO  uk.co.streefland.rhys.finalyearproject.core.Server - Starting server
2017-01-11 15:33:52.287 [Thread-2] INFO  uk.co.streefland.rhys.finalyearproject.core.Server - Server is listening on port 12345
2017-01-11 15:33:52.289 [main] INFO  uk.co.streefland.rhys.finalyearproject.core.LocalNode - Bootstrapping localnode 347BA2BC4C36B8929AFE45F6C6B7641EDE216A55 to node 347BA2BC4C36B8929AFE45F6C6B7641EDE216A55
2017-01-11 15:33:52.351 [pool-2-thread-1] INFO  uk.co.streefland.rhys.finalyearproject.operation.ConnectOperation - Received a corrected node object - replacing the localNode
2017-01-11 15:35:18.438 [main] INFO  uk.co.streefland.rhys.finalyearproject.core.IPTools - Internet connection is operational
2017-01-11 15:35:18.938 [main] INFO  uk.co.streefland.rhys.finalyearproject.core.IPTools - Public IP address is: 134.225.30.166
2017-01-11 15:35:18.940 [main] INFO  uk.co.streefland.rhys.finalyearproject.core.IPTools - Private IP address is: 10.30.69.75
2017-01-11 15:35:26.502 [main] INFO  uk.co.streefland.rhys.finalyearproject.core.LocalNode - Shortcut Messenger build 1626
2017-01-11 15:35:26.542 [main] INFO  uk.co.streefland.rhys.finalyearproject.core.LocalNode - LocalNode ID:44D184AADE6183FB2EA825F8961BBB53395D4E17
2017-01-11 15:35:26.542 [main] INFO  uk.co.streefland.rhys.finalyearproject.core.Server - Starting server
2017-01-11 15:35:26.619 [Thread-2] INFO  uk.co.streefland.rhys.finalyearproject.core.Server - Server is listening on port 12345
2017-01-11 15:35:26.619 [main] INFO  uk.co.streefland.rhys.finalyearproject.core.LocalNode - Bootstrapping localnode 937762649DE93ECB06145D02CB5E0AC85999985B to node 937762649DE93ECB06145D02CB5E0AC85999985B
2017-01-11 15:35:26.650 [pool-2-thread-1] INFO  uk.co.streefland.rhys.finalyearproject.operation.ConnectOperation - Received a corrected node object - replacing the localNode
2017-01-11 15:35:56.804 [main] INFO  uk.co.streefland.rhys.finalyearproject.core.Server - Shutting down server
2017-01-11 15:35:56.807 [main] INFO  uk.co.streefland.rhys.finalyearproject.core.LocalNode - Saving state to file
2017-01-11 15:35:56.851 [main] INFO  uk.co.streefland.rhys.finalyearproject.core.LocalNode - Server shut down successfully
2017-01-11 15:36:14.501 [main] INFO  uk.co.streefland.rhys.finalyearproject.core.IPTools - Internet connection is operational
2017-01-11 15:36:14.702 [main] INFO  uk.co.streefland.rhys.finalyearproject.core.IPTools - Public IP address is: 134.225.30.166
2017-01-11 15:36:14.704 [main] INFO  uk.co.streefland.rhys.finalyearproject.core.IPTools - Private IP address is: 10.30.69.75
2017-01-11 15:36:22.092 [main] INFO  uk.co.streefland.rhys.finalyearproject.core.LocalNode - Shortcut Messenger build 1626
2017-01-11 15:36:22.136 [main] INFO  uk.co.streefland.rhys.finalyearproject.core.LocalNode - LocalNode ID:F18C4FE51F7E85809AB582A22E71A5E35D956D50
2017-01-11 15:36:22.136 [main] INFO  uk.co.streefland.rhys.finalyearproject.core.Server - Starting server
2017-01-11 15:36:22.228 [main] INFO  uk.co.streefland.rhys.finalyearproject.core.LocalNode - Bootstrapping localnode EDAB893186C8753A0B189966003D3014EA331ACF to node EDAB893186C8753A0B189966003D3014EA331ACF
2017-01-11 15:36:22.231 [Thread-2] INFO  uk.co.streefland.rhys.finalyearproject.core.Server - Server is listening on port 12345
2017-01-11 15:36:22.260 [pool-2-thread-1] INFO  uk.co.streefland.rhys.finalyearproject.operation.ConnectOperation - Received a corrected node object - replacing the localNode
2017-01-11 15:36:58.567 [main] INFO  uk.co.streefland.rhys.finalyearproject.core.IPTools - Internet connection is operational
2017-01-11 15:36:58.802 [main] INFO  uk.co.streefland.rhys.finalyearproject.core.IPTools - Public IP address is: 134.225.30.166
2017-01-11 15:36:58.804 [main] INFO  uk.co.streefland.rhys.finalyearproject.core.IPTools - Private IP address is: 10.30.69.75
2017-01-11 15:37:47.460 [main] INFO  uk.co.streefland.rhys.finalyearproject.core.IPTools - Internet connection is operational
2017-01-11 15:37:47.657 [main] INFO  uk.co.streefland.rhys.finalyearproject.core.IPTools - Public IP address is: 134.225.30.166
2017-01-11 15:37:47.659 [main] INFO  uk.co.streefland.rhys.finalyearproject.core.IPTools - Private IP address is: 10.30.69.75
2017-01-11 15:38:48.104 [main] INFO  uk.co.streefland.rhys.finalyearproject.core.IPTools - Internet connection is operational
2017-01-11 15:38:48.324 [main] INFO  uk.co.streefland.rhys.finalyearproject.core.IPTools - Public IP address is: 134.225.30.166
2017-01-11 15:38:48.326 [main] INFO  uk.co.streefland.rhys.finalyearproject.core.IPTools - Private IP address is: 10.30.69.75
2017-01-11 15:39:06.472 [main] INFO  uk.co.streefland.rhys.finalyearproject.core.LocalNode - Shortcut Messenger build 1626
2017-01-11 15:39:06.516 [main] INFO  uk.co.streefland.rhys.finalyearproject.core.LocalNode - LocalNode ID:5FE3A7BCF114E6B1A65EB217BE0B7B59FAB298CB
2017-01-11 15:39:06.517 [main] INFO  uk.co.streefland.rhys.finalyearproject.core.Server - Starting server
2017-01-11 15:39:06.601 [Thread-2] INFO  uk.co.streefland.rhys.finalyearproject.core.Server - Server is listening on port 12345
2017-01-11 15:39:10.205 [main] INFO  uk.co.streefland.rhys.finalyearproject.core.Server - Shutting down server
2017-01-11 15:39:10.207 [main] INFO  uk.co.streefland.rhys.finalyearproject.core.LocalNode - Saving state to file
2017-01-11 15:39:10.265 [main] INFO  uk.co.streefland.rhys.finalyearproject.core.LocalNode - Server shut down successfully
2017-01-11 15:39:24.454 [main] INFO  uk.co.streefland.rhys.finalyearproject.core.IPTools - Internet connection is operational
2017-01-11 15:39:24.643 [main] INFO  uk.co.streefland.rhys.finalyearproject.core.IPTools - Public IP address is: 134.225.30.166
2017-01-11 15:39:24.645 [main] INFO  uk.co.streefland.rhys.finalyearproject.core.IPTools - Private IP address is: 10.30.69.75
2017-01-11 15:40:18.916 [main] INFO  uk.co.streefland.rhys.finalyearproject.core.IPTools - Internet connection is operational
2017-01-11 15:40:19.149 [main] INFO  uk.co.streefland.rhys.finalyearproject.core.IPTools - Public IP address is: 134.225.30.166
2017-01-11 15:40:19.150 [main] INFO  uk.co.streefland.rhys.finalyearproject.core.IPTools - Private IP address is: 10.30.69.75
2017-01-11 15:40:27.571 [main] INFO  uk.co.streefland.rhys.finalyearproject.core.LocalNode - Shortcut Messenger build 1626
2017-01-11 15:40:27.573 [main] INFO  uk.co.streefland.rhys.finalyearproject.core.LocalNode - Saved state found - attempting to read
2017-01-11 15:40:27.658 [main] INFO  uk.co.streefland.rhys.finalyearproject.core.LocalNode - Config read successfully
2017-01-11 15:40:27.659 [main] INFO  uk.co.streefland.rhys.finalyearproject.core.LocalNode - NetworkId read successfully
2017-01-11 15:40:27.659 [main] INFO  uk.co.streefland.rhys.finalyearproject.core.LocalNode - Local node read successfully
2017-01-11 15:40:27.660 [main] INFO  uk.co.streefland.rhys.finalyearproject.core.LocalNode - Routing table read successfully
2017-01-11 15:40:27.660 [main] INFO  uk.co.streefland.rhys.finalyearproject.core.LocalNode - Users read successfully
2017-01-11 15:40:27.660 [main] INFO  uk.co.streefland.rhys.finalyearproject.core.LocalNode - Messages read successfully
2017-01-11 15:40:27.671 [main] INFO  uk.co.streefland.rhys.finalyearproject.core.Server - Starting server
2017-01-11 15:40:27.734 [Thread-2] INFO  uk.co.streefland.rhys.finalyearproject.core.Server - Server is listening on port 12345
2017-01-11 15:40:27.735 [main] INFO  uk.co.streefland.rhys.finalyearproject.core.LocalNode - LocalNode ID:5FE3A7BCF114E6B1A65EB217BE0B7B59FAB298CB
2017-01-11 15:40:27.737 [main] INFO  uk.co.streefland.rhys.finalyearproject.core.LocalNode - Bootstrapping localnode 9A05014A78448D65ED39F3277522C843B1119576 to node 9A05014A78448D65ED39F3277522C843B1119576
2017-01-11 15:40:27.768 [Thread-2] INFO  uk.co.streefland.rhys.finalyearproject.core.Server - Discarding message from node that isn't part of this network
2017-01-11 15:40:27.768 [Thread-2] INFO  uk.co.streefland.rhys.finalyearproject.core.Server -    Local netId: 10E8064C8B910A85E1B46E971D5CF4A01E0035D4
2017-01-11 15:40:27.769 [Thread-2] INFO  uk.co.streefland.rhys.finalyearproject.core.Server -   Remote netId: 1E4975C7749ADFA36357F6ED335031832B58DB31
2017-01-11 15:40:29.767 [Thread-2] INFO  uk.co.streefland.rhys.finalyearproject.core.Server - Discarding message from node that isn't part of this network
2017-01-11 15:40:29.768 [Thread-2] INFO  uk.co.streefland.rhys.finalyearproject.core.Server -    Local netId: 10E8064C8B910A85E1B46E971D5CF4A01E0035D4
2017-01-11 15:40:29.769 [Thread-2] INFO  uk.co.streefland.rhys.finalyearproject.core.Server -   Remote netId: 1E4975C7749ADFA36357F6ED335031832B58DB31
2017-01-11 15:40:29.852 [main] INFO  uk.co.streefland.rhys.finalyearproject.core.Server - Shutting down server
2017-01-11 15:40:29.853 [main] INFO  uk.co.streefland.rhys.finalyearproject.core.LocalNode - Server shut down successfully
2017-01-11 15:40:42.529 [main] INFO  uk.co.streefland.rhys.finalyearproject.core.LocalNode - Shortcut Messenger build 1626
2017-01-11 15:40:42.529 [main] INFO  uk.co.streefland.rhys.finalyearproject.core.LocalNode - Saved state found - attempting to read
2017-01-11 15:40:42.548 [main] INFO  uk.co.streefland.rhys.finalyearproject.core.LocalNode - Config read successfully
2017-01-11 15:40:42.548 [main] INFO  uk.co.streefland.rhys.finalyearproject.core.LocalNode - NetworkId read successfully
2017-01-11 15:40:42.549 [main] INFO  uk.co.streefland.rhys.finalyearproject.core.LocalNode - Local node read successfully
2017-01-11 15:40:42.550 [main] INFO  uk.co.streefland.rhys.finalyearproject.core.LocalNode - Routing table read successfully
2017-01-11 15:40:42.550 [main] INFO  uk.co.streefland.rhys.finalyearproject.core.LocalNode - Users read successfully
2017-01-11 15:40:42.550 [main] INFO  uk.co.streefland.rhys.finalyearproject.core.LocalNode - Messages read successfully
2017-01-11 15:40:42.551 [main] INFO  uk.co.streefland.rhys.finalyearproject.core.Server - Starting server
2017-01-11 15:40:42.552 [main] INFO  uk.co.streefland.rhys.finalyearproject.core.LocalNode - LocalNode ID:5FE3A7BCF114E6B1A65EB217BE0B7B59FAB298CB
2017-01-11 15:40:42.552 [Thread-5] INFO  uk.co.streefland.rhys.finalyearproject.core.Server - Server is listening on port 12345
2017-01-11 15:40:42.553 [main] INFO  uk.co.streefland.rhys.finalyearproject.core.LocalNode - Bootstrapping localnode 05AF403C6DCFAC3CE517E0E298817AFA366AE1C2 to node 05AF403C6DCFAC3CE517E0E298817AFA366AE1C2
2017-01-11 15:40:42.571 [Thread-5] INFO  uk.co.streefland.rhys.finalyearproject.core.Server - Discarding message from node that isn't part of this network
2017-01-11 15:40:42.572 [Thread-5] INFO  uk.co.streefland.rhys.finalyearproject.core.Server -    Local netId: 10E8064C8B910A85E1B46E971D5CF4A01E0035D4
2017-01-11 15:40:42.572 [Thread-5] INFO  uk.co.streefland.rhys.finalyearproject.core.Server -   Remote netId: 1E4975C7749ADFA36357F6ED335031832B58DB31
2017-01-11 15:40:44.576 [Thread-5] INFO  uk.co.streefland.rhys.finalyearproject.core.Server - Discarding message from node that isn't part of this network
2017-01-11 15:40:44.577 [Thread-5] INFO  uk.co.streefland.rhys.finalyearproject.core.Server -    Local netId: 10E8064C8B910A85E1B46E971D5CF4A01E0035D4
2017-01-11 15:40:44.577 [Thread-5] INFO  uk.co.streefland.rhys.finalyearproject.core.Server -   Remote netId: 1E4975C7749ADFA36357F6ED335031832B58DB31
2017-01-11 15:40:44.653 [main] INFO  uk.co.streefland.rhys.finalyearproject.core.Server - Shutting down server
2017-01-11 15:40:44.654 [main] INFO  uk.co.streefland.rhys.finalyearproject.core.LocalNode - Server shut down successfully
2017-01-11 15:42:41.708 [main] INFO  uk.co.streefland.rhys.finalyearproject.core.IPTools - Internet connection is operational
2017-01-11 15:42:41.940 [main] INFO  uk.co.streefland.rhys.finalyearproject.core.IPTools - Public IP address is: 134.225.30.166
2017-01-11 15:42:41.942 [main] INFO  uk.co.streefland.rhys.finalyearproject.core.IPTools - Private IP address is: 10.30.69.75
2017-01-11 15:43:10.415 [main] INFO  uk.co.streefland.rhys.finalyearproject.core.LocalNode - Shortcut Messenger build 1626
2017-01-11 15:43:10.447 [main] INFO  uk.co.streefland.rhys.finalyearproject.core.LocalNode - LocalNode ID:338FD7D1CE4F84D395370EEB5D58D6E706B55F87
2017-01-11 15:43:10.448 [main] INFO  uk.co.streefland.rhys.finalyearproject.core.Server - Starting server
2017-01-11 15:43:10.535 [Thread-2] INFO  uk.co.streefland.rhys.finalyearproject.core.Server - Server is listening on port 12345
2017-01-11 15:43:10.536 [main] INFO  uk.co.streefland.rhys.finalyearproject.core.LocalNode - Bootstrapping localnode BB70E027122B213126B5A8B91012C9B2B446681C to node BB70E027122B213126B5A8B91012C9B2B446681C
2017-01-11 15:43:10.572 [pool-2-thread-1] INFO  uk.co.streefland.rhys.finalyearproject.operation.ConnectOperation - Received a corrected node object - replacing the localNode
2017-01-11 15:49:03.303 [JavaFX Application Thread] INFO  uk.co.streefland.rhys.finalyearproject.gui.Main - Shortcut Messenger UI
2017-01-11 15:49:04.067 [JavaFX Application Thread] INFO  uk.co.streefland.rhys.finalyearproject.core.IPTools - Internet connection is operational
2017-01-11 15:49:04.332 [JavaFX Application Thread] INFO  uk.co.streefland.rhys.finalyearproject.core.IPTools - Public IP address is: 134.225.30.166
2017-01-11 15:49:04.334 [JavaFX Application Thread] INFO  uk.co.streefland.rhys.finalyearproject.core.IPTools - Private IP address is: 10.30.69.75
2017-01-11 15:49:12.599 [Thread-7] INFO  uk.co.streefland.rhys.finalyearproject.core.LocalNode - Shortcut Messenger build 1626
2017-01-11 15:49:12.626 [Thread-7] INFO  uk.co.streefland.rhys.finalyearproject.core.LocalNode - LocalNode ID:58434E4D6F338D3993B329E212C4677DB7AE3002
2017-01-11 15:49:12.626 [Thread-7] INFO  uk.co.streefland.rhys.finalyearproject.core.Server - Starting server
2017-01-11 15:49:12.628 [Thread-9] INFO  uk.co.streefland.rhys.finalyearproject.core.Server - Server is listening on port 12345
2017-01-11 15:49:20.456 [Thread-13] INFO  uk.co.streefland.rhys.finalyearproject.operation.NetworkTraversalOperation - NetworkTraversalOperation took: 0ms
2017-01-11 15:49:27.816 [JavaFX Application Thread] INFO  uk.co.streefland.rhys.finalyearproject.core.Server - Shutting down server
2017-01-11 15:49:27.818 [JavaFX Application Thread] INFO  uk.co.streefland.rhys.finalyearproject.core.LocalNode - Saving state to file
2017-01-11 15:49:27.868 [JavaFX Application Thread] INFO  uk.co.streefland.rhys.finalyearproject.core.LocalNode - Server shut down successfully
2017-01-11 18:55:04.952 [JavaFX Application Thread] INFO  uk.co.streefland.rhys.finalyearproject.gui.Main - Shortcut Messenger UI
2017-01-11 18:55:05.224 [JavaFX Application Thread] INFO  uk.co.streefland.rhys.finalyearproject.core.IPTools - Internet connection is operational
2017-01-11 18:55:05.520 [JavaFX Application Thread] INFO  uk.co.streefland.rhys.finalyearproject.core.IPTools - Public IP address is: 82.24.92.147
2017-01-11 18:55:05.565 [JavaFX Application Thread] INFO  uk.co.streefland.rhys.finalyearproject.core.IPTools - Private IP address is: 192.168.0.7
2017-01-11 18:55:10.630 [Thread-6] INFO  uk.co.streefland.rhys.finalyearproject.core.LocalNode - Shortcut Messenger build 1626
2017-01-11 18:55:10.703 [Thread-6] INFO  uk.co.streefland.rhys.finalyearproject.core.LocalNode - LocalNode ID:8F026D982295CE8C8336B428FFB36A7FE54D0065
2017-01-11 18:55:10.703 [Thread-6] INFO  uk.co.streefland.rhys.finalyearproject.core.Server - Starting server
2017-01-11 18:55:10.705 [Thread-6] INFO  uk.co.streefland.rhys.finalyearproject.core.LocalNode - Bootstrapping localnode 94FD6E6DE4399774D6B93F7850214E4270AF7A68 to node 94FD6E6DE4399774D6B93F7850214E4270AF7A68
2017-01-11 18:55:10.704 [Thread-8] INFO  uk.co.streefland.rhys.finalyearproject.core.Server - Server is listening on port 12345
2017-01-11 18:55:14.955 [JavaFX Application Thread] INFO  uk.co.streefland.rhys.finalyearproject.core.Server - Shutting down server
2017-01-11 18:55:14.956 [JavaFX Application Thread] INFO  uk.co.streefland.rhys.finalyearproject.core.LocalNode - Server shut down successfully
2017-01-11 19:10:03.058 [JavaFX Application Thread] INFO  uk.co.streefland.rhys.finalyearproject.gui.Main - Shortcut Messenger UI
2017-01-11 19:10:03.091 [JavaFX Application Thread] INFO  uk.co.streefland.rhys.finalyearproject.core.IPTools - Internet connection is operational
2017-01-11 19:10:03.387 [JavaFX Application Thread] INFO  uk.co.streefland.rhys.finalyearproject.core.IPTools - Public IP address is: 82.24.92.147
2017-01-11 19:10:03.434 [JavaFX Application Thread] INFO  uk.co.streefland.rhys.finalyearproject.core.IPTools - Private IP address is: 192.168.0.7
2017-01-11 19:10:03.435 [JavaFX Application Thread] INFO  uk.co.streefland.rhys.finalyearproject.core.LocalNode - Shortcut Messenger build 1626
2017-01-11 19:10:03.436 [JavaFX Application Thread] INFO  uk.co.streefland.rhys.finalyearproject.core.LocalNode - Saved state found - attempting to read
2017-01-11 19:10:03.542 [JavaFX Application Thread] INFO  uk.co.streefland.rhys.finalyearproject.core.LocalNode - Config read successfully
2017-01-11 19:10:03.543 [JavaFX Application Thread] INFO  uk.co.streefland.rhys.finalyearproject.core.LocalNode - NetworkId read successfully
2017-01-11 19:10:03.543 [JavaFX Application Thread] INFO  uk.co.streefland.rhys.finalyearproject.core.LocalNode - Local node read successfully
2017-01-11 19:10:03.544 [JavaFX Application Thread] INFO  uk.co.streefland.rhys.finalyearproject.core.LocalNode - Routing table read successfully
2017-01-11 19:10:03.544 [JavaFX Application Thread] INFO  uk.co.streefland.rhys.finalyearproject.core.LocalNode - Users read successfully
2017-01-11 19:10:03.545 [JavaFX Application Thread] INFO  uk.co.streefland.rhys.finalyearproject.core.LocalNode - Messages read successfully
2017-01-11 19:10:03.556 [JavaFX Application Thread] INFO  uk.co.streefland.rhys.finalyearproject.core.Server - Starting server
2017-01-11 19:10:03.557 [Thread-7] INFO  uk.co.streefland.rhys.finalyearproject.core.Server - Server is listening on port 12345
2017-01-11 19:10:03.558 [JavaFX Application Thread] INFO  uk.co.streefland.rhys.finalyearproject.core.LocalNode - LocalNode ID:FF648F838170A9E0CA5FD8A55F6286A6966EA6D8
2017-01-11 19:10:14.023 [pool-3-thread-36] INFO  uk.co.streefland.rhys.finalyearproject.message.content.NotifySuccessReceiver - Received message success message :D :D
2017-01-11 19:10:14.024 [Thread-9] INFO  uk.co.streefland.rhys.finalyearproject.operation.SendMessageOperation - FORWARD MESSAGE LOOP TIME: 101
2017-01-11 19:10:14.024 [pool-3-thread-36] INFO  uk.co.streefland.rhys.finalyearproject.core.Messages - Updating message status to delivered
2017-01-11 19:10:14.025 [pool-3-thread-36] INFO  uk.co.streefland.rhys.finalyearproject.core.Messages - New message status is: DELIVERED
2017-01-11 19:10:14.024 [Thread-9] INFO  uk.co.streefland.rhys.finalyearproject.core.Messages - OUTGOING SMO TOOK: 5127
2017-01-11 19:10:14.053 [pool-3-thread-36] INFO  uk.co.streefland.rhys.finalyearproject.message.content.NotifySuccessReceiver - Received message success message :D :D
2017-01-11 19:10:14.053 [pool-3-thread-36] INFO  uk.co.streefland.rhys.finalyearproject.core.Messages - Updating message status to delivered
2017-01-11 19:10:14.054 [pool-3-thread-36] INFO  uk.co.streefland.rhys.finalyearproject.core.Messages - New message status is: DELIVERED
2017-01-11 19:10:16.936 [JavaFX Application Thread] INFO  uk.co.streefland.rhys.finalyearproject.gui.Main - Shortcut Messenger UI
2017-01-11 19:10:16.963 [JavaFX Application Thread] INFO  uk.co.streefland.rhys.finalyearproject.core.IPTools - Internet connection is operational
2017-01-11 19:10:17.248 [JavaFX Application Thread] INFO  uk.co.streefland.rhys.finalyearproject.core.IPTools - Public IP address is: 82.24.92.147
2017-01-11 19:10:17.294 [JavaFX Application Thread] INFO  uk.co.streefland.rhys.finalyearproject.core.IPTools - Private IP address is: 192.168.0.7
2017-01-11 19:10:17.296 [JavaFX Application Thread] INFO  uk.co.streefland.rhys.finalyearproject.core.LocalNode - Shortcut Messenger build 1626
2017-01-11 19:10:17.296 [JavaFX Application Thread] INFO  uk.co.streefland.rhys.finalyearproject.core.LocalNode - Saved state found - attempting to read
2017-01-11 19:10:17.362 [JavaFX Application Thread] INFO  uk.co.streefland.rhys.finalyearproject.core.LocalNode - Config read successfully
2017-01-11 19:10:17.362 [JavaFX Application Thread] INFO  uk.co.streefland.rhys.finalyearproject.core.LocalNode - NetworkId read successfully
2017-01-11 19:10:17.362 [JavaFX Application Thread] INFO  uk.co.streefland.rhys.finalyearproject.core.LocalNode - Local node read successfully
2017-01-11 19:10:17.363 [JavaFX Application Thread] INFO  uk.co.streefland.rhys.finalyearproject.core.LocalNode - Routing table read successfully
2017-01-11 19:10:17.363 [JavaFX Application Thread] INFO  uk.co.streefland.rhys.finalyearproject.core.LocalNode - Users read successfully
2017-01-11 19:10:17.364 [JavaFX Application Thread] INFO  uk.co.streefland.rhys.finalyearproject.core.LocalNode - Messages read successfully
2017-01-11 19:10:17.373 [JavaFX Application Thread] INFO  uk.co.streefland.rhys.finalyearproject.core.Server - Starting server
2017-01-11 19:10:17.374 [Thread-7] INFO  uk.co.streefland.rhys.finalyearproject.core.Server - Server is listening on port 12345
2017-01-11 19:10:17.374 [JavaFX Application Thread] INFO  uk.co.streefland.rhys.finalyearproject.core.LocalNode - LocalNode ID:FF648F838170A9E0CA5FD8A55F6286A6966EA6D8
2017-01-11 19:12:58.818 [Thread-7] WARN  uk.co.streefland.rhys.finalyearproject.message.MessageHandler - No receiver type found for message code: 1
2017-01-11 19:12:58.818 [Thread-9] INFO  uk.co.streefland.rhys.finalyearproject.operation.SendMessageOperation - FORWARD MESSAGE LOOP TIME: 155315
2017-01-11 19:12:58.819 [Thread-9] INFO  uk.co.streefland.rhys.finalyearproject.core.Messages - OUTGOING SMO TOOK: 155321
2017-01-11 19:12:58.887 [pool-3-thread-7] INFO  uk.co.streefland.rhys.finalyearproject.message.content.NotifySuccessReceiver - Received message success message :D :D
2017-01-11 19:12:58.888 [pool-3-thread-7] INFO  uk.co.streefland.rhys.finalyearproject.core.Messages - Updating message status to delivered
2017-01-11 19:12:58.888 [pool-3-thread-7] INFO  uk.co.streefland.rhys.finalyearproject.core.Messages - New message status is: DELIVERED
2017-01-11 19:12:58.902 [pool-3-thread-12] INFO  uk.co.streefland.rhys.finalyearproject.message.content.NotifySuccessReceiver - Received message success message :D :D
2017-01-11 19:12:58.902 [pool-3-thread-261] INFO  uk.co.streefland.rhys.finalyearproject.message.content.NotifySuccessReceiver - Received message success message :D :D
2017-01-11 19:12:58.903 [pool-3-thread-12] INFO  uk.co.streefland.rhys.finalyearproject.core.Messages - Updating message status to delivered
2017-01-11 19:12:58.903 [pool-3-thread-12] INFO  uk.co.streefland.rhys.finalyearproject.core.Messages - New message status is: DELIVERED
2017-01-11 19:12:58.903 [pool-3-thread-261] INFO  uk.co.streefland.rhys.finalyearproject.core.Messages - Updating message status to delivered
2017-01-11 19:12:58.904 [pool-3-thread-261] INFO  uk.co.streefland.rhys.finalyearproject.core.Messages - New message status is: DELIVERED
2017-01-11 19:14:02.432 [JavaFX Application Thread] INFO  uk.co.streefland.rhys.finalyearproject.gui.Main - Shortcut Messenger UI
2017-01-11 19:14:02.726 [JavaFX Application Thread] INFO  uk.co.streefland.rhys.finalyearproject.core.IPTools - Internet connection is operational
2017-01-11 19:14:03.029 [JavaFX Application Thread] INFO  uk.co.streefland.rhys.finalyearproject.core.IPTools - Public IP address is: 82.24.92.147
2017-01-11 19:14:03.076 [JavaFX Application Thread] INFO  uk.co.streefland.rhys.finalyearproject.core.IPTools - Private IP address is: 192.168.0.7
2017-01-11 19:14:10.451 [Thread-6] INFO  uk.co.streefland.rhys.finalyearproject.core.LocalNode - Shortcut Messenger build 1626
2017-01-11 19:15:00.167 [Thread-6] INFO  uk.co.streefland.rhys.finalyearproject.core.LocalNode - LocalNode ID:B5A1CC24C31885712B7317E71086FBF390E7BCF4
2017-01-11 19:15:00.169 [Thread-6] INFO  uk.co.streefland.rhys.finalyearproject.core.Server - Starting server
2017-01-11 19:15:00.171 [Thread-8] INFO  uk.co.streefland.rhys.finalyearproject.core.Server - Server is listening on port 12345
2017-01-11 19:15:00.173 [Thread-6] INFO  uk.co.streefland.rhys.finalyearproject.core.LocalNode - Bootstrapping localnode D25E913B56AB40E6EFF2FA5427BB1F74E90FF861 to node D25E913B56AB40E6EFF2FA5427BB1F74E90FF861
2017-01-11 19:15:00.174 [Thread-8] INFO  uk.co.streefland.rhys.finalyearproject.core.Server - Discarding message from node that isn't part of this network
2017-01-11 19:15:00.175 [Thread-8] INFO  uk.co.streefland.rhys.finalyearproject.core.Server -    Local netId: null
2017-01-11 19:15:00.177 [Thread-8] INFO  uk.co.streefland.rhys.finalyearproject.core.Server -   Remote netId: A47E1A5B277119EC28D8214642333968F4702292
2017-01-11 19:15:00.177 [Thread-8] INFO  uk.co.streefland.rhys.finalyearproject.core.Server - Discarding message from node that isn't part of this network
2017-01-11 19:15:00.177 [Thread-8] INFO  uk.co.streefland.rhys.finalyearproject.core.Server -    Local netId: null
2017-01-11 19:15:00.178 [Thread-8] INFO  uk.co.streefland.rhys.finalyearproject.core.Server -   Remote netId: A47E1A5B277119EC28D8214642333968F4702292
2017-01-11 19:15:00.178 [Thread-8] INFO  uk.co.streefland.rhys.finalyearproject.core.Server - Discarding message from node that isn't part of this network
2017-01-11 19:15:00.178 [Thread-8] INFO  uk.co.streefland.rhys.finalyearproject.core.Server -    Local netId: null
2017-01-11 19:15:00.179 [Thread-8] INFO  uk.co.streefland.rhys.finalyearproject.core.Server -   Remote netId: A47E1A5B277119EC28D8214642333968F4702292
2017-01-11 19:15:00.179 [Thread-8] INFO  uk.co.streefland.rhys.finalyearproject.core.Server - Discarding message from node that isn't part of this network
2017-01-11 19:15:00.179 [Thread-8] INFO  uk.co.streefland.rhys.finalyearproject.core.Server -    Local netId: null
2017-01-11 19:15:00.180 [Thread-8] INFO  uk.co.streefland.rhys.finalyearproject.core.Server -   Remote netId: A47E1A5B277119EC28D8214642333968F4702292
2017-01-11 19:15:00.180 [Thread-8] INFO  uk.co.streefland.rhys.finalyearproject.core.Server - Discarding message from node that isn't part of this network
2017-01-11 19:15:00.180 [Thread-8] INFO  uk.co.streefland.rhys.finalyearproject.core.Server -    Local netId: null
2017-01-11 19:15:00.180 [Thread-8] INFO  uk.co.streefland.rhys.finalyearproject.core.Server -   Remote netId: A47E1A5B277119EC28D8214642333968F4702292
2017-01-11 19:15:00.181 [Thread-8] INFO  uk.co.streefland.rhys.finalyearproject.core.Server - Discarding message from node that isn't part of this network
2017-01-11 19:15:00.181 [Thread-8] INFO  uk.co.streefland.rhys.finalyearproject.core.Server -    Local netId: null
2017-01-11 19:15:00.181 [Thread-8] INFO  uk.co.streefland.rhys.finalyearproject.core.Server -   Remote netId: A47E1A5B277119EC28D8214642333968F4702292
2017-01-11 19:15:00.182 [Thread-8] INFO  uk.co.streefland.rhys.finalyearproject.core.Server - Discarding message from node that isn't part of this network
2017-01-11 19:15:00.182 [Thread-8] INFO  uk.co.streefland.rhys.finalyearproject.core.Server -    Local netId: null
2017-01-11 19:15:00.182 [Thread-8] INFO  uk.co.streefland.rhys.finalyearproject.core.Server -   Remote netId: A47E1A5B277119EC28D8214642333968F4702292
2017-01-11 19:15:00.182 [Thread-8] INFO  uk.co.streefland.rhys.finalyearproject.core.Server - Discarding message from node that isn't part of this network
2017-01-11 19:15:00.183 [Thread-8] INFO  uk.co.streefland.rhys.finalyearproject.core.Server -    Local netId: null
2017-01-11 19:15:00.183 [Thread-8] INFO  uk.co.streefland.rhys.finalyearproject.core.Server -   Remote netId: A47E1A5B277119EC28D8214642333968F4702292
2017-01-11 19:15:00.183 [Thread-8] INFO  uk.co.streefland.rhys.finalyearproject.core.Server - Discarding message from node that isn't part of this network
2017-01-11 19:15:00.183 [Thread-8] INFO  uk.co.streefland.rhys.finalyearproject.core.Server -    Local netId: null
2017-01-11 19:15:00.183 [Thread-8] INFO  uk.co.streefland.rhys.finalyearproject.core.Server -   Remote netId: A47E1A5B277119EC28D8214642333968F4702292
2017-01-11 19:15:00.184 [Thread-8] INFO  uk.co.streefland.rhys.finalyearproject.core.Server - Discarding message from node that isn't part of this network
2017-01-11 19:15:00.184 [Thread-8] INFO  uk.co.streefland.rhys.finalyearproject.core.Server -    Local netId: null
2017-01-11 19:15:00.184 [Thread-8] INFO  uk.co.streefland.rhys.finalyearproject.core.Server -   Remote netId: A47E1A5B277119EC28D8214642333968F4702292
2017-01-11 19:15:00.184 [Thread-8] INFO  uk.co.streefland.rhys.finalyearproject.core.Server - Discarding message from node that isn't part of this network
2017-01-11 19:15:00.184 [Thread-8] INFO  uk.co.streefland.rhys.finalyearproject.core.Server -    Local netId: null
2017-01-11 19:15:00.185 [Thread-8] INFO  uk.co.streefland.rhys.finalyearproject.core.Server -   Remote netId: A47E1A5B277119EC28D8214642333968F4702292
2017-01-11 19:15:00.185 [Thread-8] INFO  uk.co.streefland.rhys.finalyearproject.core.Server - Discarding message from node that isn't part of this network
2017-01-11 19:15:00.185 [Thread-8] INFO  uk.co.streefland.rhys.finalyearproject.core.Server -    Local netId: null
2017-01-11 19:15:00.186 [Thread-8] INFO  uk.co.streefland.rhys.finalyearproject.core.Server -   Remote netId: A47E1A5B277119EC28D8214642333968F4702292
2017-01-11 19:15:00.186 [Thread-8] INFO  uk.co.streefland.rhys.finalyearproject.core.Server - Discarding message from node that isn't part of this network
2017-01-11 19:15:00.186 [Thread-8] INFO  uk.co.streefland.rhys.finalyearproject.core.Server -    Local netId: null
2017-01-11 19:15:00.186 [Thread-8] INFO  uk.co.streefland.rhys.finalyearproject.core.Server -   Remote netId: A47E1A5B277119EC28D8214642333968F4702292
2017-01-11 19:15:00.187 [Thread-8] INFO  uk.co.streefland.rhys.finalyearproject.core.Server - Discarding message from node that isn't part of this network
2017-01-11 19:15:00.187 [Thread-8] INFO  uk.co.streefland.rhys.finalyearproject.core.Server -    Local netId: null
2017-01-11 19:15:00.187 [Thread-8] INFO  uk.co.streefland.rhys.finalyearproject.core.Server -   Remote netId: A47E1A5B277119EC28D8214642333968F4702292
2017-01-11 19:15:00.188 [Thread-8] INFO  uk.co.streefland.rhys.finalyearproject.core.Server - Discarding message from node that isn't part of this network
2017-01-11 19:15:00.188 [Thread-8] INFO  uk.co.streefland.rhys.finalyearproject.core.Server -    Local netId: null
2017-01-11 19:15:00.188 [Thread-8] INFO  uk.co.streefland.rhys.finalyearproject.core.Server -   Remote netId: A47E1A5B277119EC28D8214642333968F4702292
2017-01-11 19:15:00.188 [Thread-8] INFO  uk.co.streefland.rhys.finalyearproject.core.Server - Discarding message from node that isn't part of this network
2017-01-11 19:15:00.188 [Thread-8] INFO  uk.co.streefland.rhys.finalyearproject.core.Server -    Local netId: null
2017-01-11 19:15:00.189 [Thread-8] INFO  uk.co.streefland.rhys.finalyearproject.core.Server -   Remote netId: A47E1A5B277119EC28D8214642333968F4702292
2017-01-11 19:15:00.189 [Thread-8] INFO  uk.co.streefland.rhys.finalyearproject.core.Server - Discarding message from node that isn't part of this network
2017-01-11 19:15:00.189 [Thread-8] INFO  uk.co.streefland.rhys.finalyearproject.core.Server -    Local netId: null
2017-01-11 19:15:00.189 [Thread-8] INFO  uk.co.streefland.rhys.finalyearproject.core.Server -   Remote netId: A47E1A5B277119EC28D8214642333968F4702292
2017-01-11 19:15:00.190 [Thread-8] INFO  uk.co.streefland.rhys.finalyearproject.core.Server - Discarding message from node that isn't part of this network
2017-01-11 19:15:00.190 [Thread-8] INFO  uk.co.streefland.rhys.finalyearproject.core.Server -    Local netId: null
2017-01-11 19:15:00.190 [Thread-8] INFO  uk.co.streefland.rhys.finalyearproject.core.Server -   Remote netId: A47E1A5B277119EC28D8214642333968F4702292
2017-01-11 19:15:00.190 [Thread-8] INFO  uk.co.streefland.rhys.finalyearproject.core.Server - Discarding message from node that isn't part of this network
2017-01-11 19:15:00.190 [Thread-8] INFO  uk.co.streefland.rhys.finalyearproject.core.Server -    Local netId: null
2017-01-11 19:15:00.190 [Thread-8] INFO  uk.co.streefland.rhys.finalyearproject.core.Server -   Remote netId: A47E1A5B277119EC28D8214642333968F4702292
2017-01-11 19:15:00.191 [Thread-8] INFO  uk.co.streefland.rhys.finalyearproject.core.Server - Discarding message from node that isn't part of this network
2017-01-11 19:15:00.191 [Thread-8] INFO  uk.co.streefland.rhys.finalyearproject.core.Server -    Local netId: null
2017-01-11 19:15:00.191 [Thread-8] INFO  uk.co.streefland.rhys.finalyearproject.core.Server -   Remote netId: A47E1A5B277119EC28D8214642333968F4702292
2017-01-11 19:15:00.191 [Thread-8] INFO  uk.co.streefland.rhys.finalyearproject.core.Server - Discarding message from node that isn't part of this network
2017-01-11 19:15:00.191 [Thread-8] INFO  uk.co.streefland.rhys.finalyearproject.core.Server -    Local netId: null
2017-01-11 19:15:00.192 [Thread-8] INFO  uk.co.streefland.rhys.finalyearproject.core.Server -   Remote netId: A47E1A5B277119EC28D8214642333968F4702292
2017-01-11 19:15:00.192 [Thread-8] INFO  uk.co.streefland.rhys.finalyearproject.core.Server - Discarding message from node that isn't part of this network
2017-01-11 19:15:00.192 [Thread-8] INFO  uk.co.streefland.rhys.finalyearproject.core.Server -    Local netId: null
2017-01-11 19:15:00.192 [Thread-8] INFO  uk.co.streefland.rhys.finalyearproject.core.Server -   Remote netId: A47E1A5B277119EC28D8214642333968F4702292
2017-01-11 19:15:00.192 [Thread-8] INFO  uk.co.streefland.rhys.finalyearproject.core.Server - Discarding message from node that isn't part of this network
2017-01-11 19:15:00.192 [Thread-8] INFO  uk.co.streefland.rhys.finalyearproject.core.Server -    Local netId: null
2017-01-11 19:15:00.193 [Thread-8] INFO  uk.co.streefland.rhys.finalyearproject.core.Server -   Remote netId: A47E1A5B277119EC28D8214642333968F4702292
2017-01-11 19:15:00.193 [Thread-8] INFO  uk.co.streefland.rhys.finalyearproject.core.Server - Discarding message from node that isn't part of this network
2017-01-11 19:15:00.193 [Thread-8] INFO  uk.co.streefland.rhys.finalyearproject.core.Server -    Local netId: null
2017-01-11 19:15:00.193 [Thread-8] INFO  uk.co.streefland.rhys.finalyearproject.core.Server -   Remote netId: A47E1A5B277119EC28D8214642333968F4702292
2017-01-11 19:15:00.193 [Thread-8] INFO  uk.co.streefland.rhys.finalyearproject.core.Server - Discarding message from node that isn't part of this network
2017-01-11 19:15:00.194 [Thread-8] INFO  uk.co.streefland.rhys.finalyearproject.core.Server -    Local netId: null
2017-01-11 19:15:00.194 [Thread-8] INFO  uk.co.streefland.rhys.finalyearproject.core.Server -   Remote netId: A47E1A5B277119EC28D8214642333968F4702292
2017-01-11 19:15:00.194 [Thread-8] INFO  uk.co.streefland.rhys.finalyearproject.core.Server - Discarding message from node that isn't part of this network
2017-01-11 19:15:00.194 [Thread-8] INFO  uk.co.streefland.rhys.finalyearproject.core.Server -    Local netId: null
2017-01-11 19:15:00.194 [Thread-8] INFO  uk.co.streefland.rhys.finalyearproject.core.Server -   Remote netId: A47E1A5B277119EC28D8214642333968F4702292
2017-01-11 19:15:00.194 [Thread-8] INFO  uk.co.streefland.rhys.finalyearproject.core.Server - Discarding message from node that isn't part of this network
2017-01-11 19:15:00.195 [Thread-8] INFO  uk.co.streefland.rhys.finalyearproject.core.Server -    Local netId: null
2017-01-11 19:15:00.195 [Thread-8] INFO  uk.co.streefland.rhys.finalyearproject.core.Server -   Remote netId: A47E1A5B277119EC28D8214642333968F4702292
2017-01-11 19:15:00.195 [Thread-8] INFO  uk.co.streefland.rhys.finalyearproject.core.Server - Discarding message from node that isn't part of this network
2017-01-11 19:15:00.195 [Thread-8] INFO  uk.co.streefland.rhys.finalyearproject.core.Server -    Local netId: null
2017-01-11 19:15:00.195 [Thread-8] INFO  uk.co.streefland.rhys.finalyearproject.core.Server -   Remote netId: A47E1A5B277119EC28D8214642333968F4702292
2017-01-11 19:15:00.196 [Thread-8] INFO  uk.co.streefland.rhys.finalyearproject.core.Server - Discarding message from node that isn't part of this network
2017-01-11 19:15:00.196 [Thread-8] INFO  uk.co.streefland.rhys.finalyearproject.core.Server -    Local netId: null
2017-01-11 19:15:00.196 [Thread-8] INFO  uk.co.streefland.rhys.finalyearproject.core.Server -   Remote netId: A47E1A5B277119EC28D8214642333968F4702292
2017-01-11 19:15:00.196 [Thread-8] INFO  uk.co.streefland.rhys.finalyearproject.core.Server - Discarding message from node that isn't part of this network
2017-01-11 19:15:00.196 [Thread-8] INFO  uk.co.streefland.rhys.finalyearproject.core.Server -    Local netId: null
2017-01-11 19:15:00.197 [Thread-8] INFO  uk.co.streefland.rhys.finalyearproject.core.Server -   Remote netId: A47E1A5B277119EC28D8214642333968F4702292
2017-01-11 19:15:00.197 [Thread-8] INFO  uk.co.streefland.rhys.finalyearproject.core.Server - Discarding message from node that isn't part of this network
2017-01-11 19:15:00.197 [Thread-8] INFO  uk.co.streefland.rhys.finalyearproject.core.Server -    Local netId: null
2017-01-11 19:15:00.197 [Thread-8] INFO  uk.co.streefland.rhys.finalyearproject.core.Server -   Remote netId: A47E1A5B277119EC28D8214642333968F4702292
2017-01-11 19:15:00.198 [Thread-8] INFO  uk.co.streefland.rhys.finalyearproject.core.Server - Discarding message from node that isn't part of this network
2017-01-11 19:15:00.198 [Thread-8] INFO  uk.co.streefland.rhys.finalyearproject.core.Server -    Local netId: null
2017-01-11 19:15:00.198 [Thread-8] INFO  uk.co.streefland.rhys.finalyearproject.core.Server -   Remote netId: A47E1A5B277119EC28D8214642333968F4702292
2017-01-11 19:15:00.198 [Thread-8] INFO  uk.co.streefland.rhys.finalyearproject.core.Server - Discarding message from node that isn't part of this network
2017-01-11 19:15:00.198 [Thread-8] INFO  uk.co.streefland.rhys.finalyearproject.core.Server -    Local netId: null
2017-01-11 19:15:00.199 [Thread-8] INFO  uk.co.streefland.rhys.finalyearproject.core.Server -   Remote netId: A47E1A5B277119EC28D8214642333968F4702292
2017-01-11 19:15:00.199 [Thread-8] INFO  uk.co.streefland.rhys.finalyearproject.core.Server - Discarding message from node that isn't part of this network
2017-01-11 19:15:00.199 [Thread-8] INFO  uk.co.streefland.rhys.finalyearproject.core.Server -    Local netId: null
2017-01-11 19:15:00.199 [Thread-8] INFO  uk.co.streefland.rhys.finalyearproject.core.Server -   Remote netId: A47E1A5B277119EC28D8214642333968F4702292
2017-01-11 19:15:00.199 [Thread-8] INFO  uk.co.streefland.rhys.finalyearproject.core.Server - Discarding message from node that isn't part of this network
2017-01-11 19:15:00.199 [Thread-8] INFO  uk.co.streefland.rhys.finalyearproject.core.Server -    Local netId: null
2017-01-11 19:15:00.200 [Thread-8] INFO  uk.co.streefland.rhys.finalyearproject.core.Server -   Remote netId: A47E1A5B277119EC28D8214642333968F4702292
2017-01-11 19:15:00.200 [Thread-8] INFO  uk.co.streefland.rhys.finalyearproject.core.Server - Discarding message from node that isn't part of this network
2017-01-11 19:15:00.200 [Thread-8] INFO  uk.co.streefland.rhys.finalyearproject.core.Server -    Local netId: null
2017-01-11 19:15:00.200 [Thread-8] INFO  uk.co.streefland.rhys.finalyearproject.core.Server -   Remote netId: A47E1A5B277119EC28D8214642333968F4702292
2017-01-11 19:15:00.200 [Thread-8] INFO  uk.co.streefland.rhys.finalyearproject.core.Server - Discarding message from node that isn't part of this network
2017-01-11 19:15:00.200 [Thread-8] INFO  uk.co.streefland.rhys.finalyearproject.core.Server -    Local netId: null
2017-01-11 19:15:00.201 [Thread-8] INFO  uk.co.streefland.rhys.finalyearproject.core.Server -   Remote netId: A47E1A5B277119EC28D8214642333968F4702292
2017-01-11 19:15:00.201 [Thread-8] INFO  uk.co.streefland.rhys.finalyearproject.core.Server - Discarding message from node that isn't part of this network
2017-01-11 19:15:00.201 [Thread-8] INFO  uk.co.streefland.rhys.finalyearproject.core.Server -    Local netId: null
2017-01-11 19:15:00.201 [Thread-8] INFO  uk.co.streefland.rhys.finalyearproject.core.Server -   Remote netId: A47E1A5B277119EC28D8214642333968F4702292
2017-01-11 19:15:00.201 [Thread-8] INFO  uk.co.streefland.rhys.finalyearproject.core.Server - Discarding message from node that isn't part of this network
2017-01-11 19:15:00.202 [Thread-8] INFO  uk.co.streefland.rhys.finalyearproject.core.Server -    Local netId: null
2017-01-11 19:15:00.202 [Thread-8] INFO  uk.co.streefland.rhys.finalyearproject.core.Server -   Remote netId: A47E1A5B277119EC28D8214642333968F4702292
2017-01-11 19:15:00.202 [Thread-8] INFO  uk.co.streefland.rhys.finalyearproject.core.Server - Discarding message from node that isn't part of this network
2017-01-11 19:15:00.202 [Thread-8] INFO  uk.co.streefland.rhys.finalyearproject.core.Server -    Local netId: null
2017-01-11 19:15:00.202 [Thread-8] INFO  uk.co.streefland.rhys.finalyearproject.core.Server -   Remote netId: A47E1A5B277119EC28D8214642333968F4702292
2017-01-11 19:15:00.203 [Thread-8] INFO  uk.co.streefland.rhys.finalyearproject.core.Server - Discarding message from node that isn't part of this network
2017-01-11 19:15:00.203 [Thread-8] INFO  uk.co.streefland.rhys.finalyearproject.core.Server -    Local netId: null
2017-01-11 19:15:00.203 [Thread-8] INFO  uk.co.streefland.rhys.finalyearproject.core.Server -   Remote netId: A47E1A5B277119EC28D8214642333968F4702292
2017-01-11 19:15:00.203 [Thread-8] INFO  uk.co.streefland.rhys.finalyearproject.core.Server - Discarding message from node that isn't part of this network
2017-01-11 19:15:00.203 [Thread-8] INFO  uk.co.streefland.rhys.finalyearproject.core.Server -    Local netId: null
2017-01-11 19:15:00.203 [Thread-8] INFO  uk.co.streefland.rhys.finalyearproject.core.Server -   Remote netId: A47E1A5B277119EC28D8214642333968F4702292
2017-01-11 19:15:00.204 [Thread-8] INFO  uk.co.streefland.rhys.finalyearproject.core.Server - Discarding message from node that isn't part of this network
2017-01-11 19:15:00.204 [Thread-8] INFO  uk.co.streefland.rhys.finalyearproject.core.Server -    Local netId: null
2017-01-11 19:15:00.204 [Thread-8] INFO  uk.co.streefland.rhys.finalyearproject.core.Server -   Remote netId: A47E1A5B277119EC28D8214642333968F4702292
2017-01-11 19:15:00.204 [Thread-8] INFO  uk.co.streefland.rhys.finalyearproject.core.Server - Discarding message from node that isn't part of this network
2017-01-11 19:15:00.204 [Thread-8] INFO  uk.co.streefland.rhys.finalyearproject.core.Server -    Local netId: null
2017-01-11 19:15:00.204 [Thread-8] INFO  uk.co.streefland.rhys.finalyearproject.core.Server -   Remote netId: A47E1A5B277119EC28D8214642333968F4702292
2017-01-11 19:15:00.204 [Thread-8] INFO  uk.co.streefland.rhys.finalyearproject.core.Server - Discarding message from node that isn't part of this network
2017-01-11 19:15:00.205 [Thread-8] INFO  uk.co.streefland.rhys.finalyearproject.core.Server -    Local netId: null
2017-01-11 19:15:00.205 [Thread-8] INFO  uk.co.streefland.rhys.finalyearproject.core.Server -   Remote netId: A47E1A5B277119EC28D8214642333968F4702292
2017-01-11 19:15:00.205 [Thread-8] INFO  uk.co.streefland.rhys.finalyearproject.core.Server - Discarding message from node that isn't part of this network
2017-01-11 19:15:00.205 [Thread-8] INFO  uk.co.streefland.rhys.finalyearproject.core.Server -    Local netId: null
2017-01-11 19:15:00.205 [Thread-8] INFO  uk.co.streefland.rhys.finalyearproject.core.Server -   Remote netId: A47E1A5B277119EC28D8214642333968F4702292
2017-01-11 19:15:00.205 [Thread-8] INFO  uk.co.streefland.rhys.finalyearproject.core.Server - Discarding message from node that isn't part of this network
2017-01-11 19:15:00.205 [Thread-8] INFO  uk.co.streefland.rhys.finalyearproject.core.Server -    Local netId: null
2017-01-11 19:15:00.206 [Thread-8] INFO  uk.co.streefland.rhys.finalyearproject.core.Server -   Remote netId: A47E1A5B277119EC28D8214642333968F4702292
2017-01-11 19:15:00.206 [Thread-8] INFO  uk.co.streefland.rhys.finalyearproject.core.Server - Discarding message from node that isn't part of this network
2017-01-11 19:15:00.206 [Thread-8] INFO  uk.co.streefland.rhys.finalyearproject.core.Server -    Local netId: null
2017-01-11 19:15:00.206 [Thread-8] INFO  uk.co.streefland.rhys.finalyearproject.core.Server -   Remote netId: A47E1A5B277119EC28D8214642333968F4702292
2017-01-11 19:15:00.206 [Thread-8] INFO  uk.co.streefland.rhys.finalyearproject.core.Server - Discarding message from node that isn't part of this network
2017-01-11 19:15:00.206 [Thread-8] INFO  uk.co.streefland.rhys.finalyearproject.core.Server -    Local netId: null
2017-01-11 19:15:00.207 [Thread-8] INFO  uk.co.streefland.rhys.finalyearproject.core.Server -   Remote netId: A47E1A5B277119EC28D8214642333968F4702292
2017-01-11 19:15:00.207 [Thread-8] INFO  uk.co.streefland.rhys.finalyearproject.core.Server - Discarding message from node that isn't part of this network
2017-01-11 19:15:00.207 [Thread-8] INFO  uk.co.streefland.rhys.finalyearproject.core.Server -    Local netId: null
2017-01-11 19:15:00.207 [Thread-8] INFO  uk.co.streefland.rhys.finalyearproject.core.Server -   Remote netId: A47E1A5B277119EC28D8214642333968F4702292
2017-01-11 19:15:00.207 [Thread-8] INFO  uk.co.streefland.rhys.finalyearproject.core.Server - Discarding message from node that isn't part of this network
2017-01-11 19:15:00.207 [Thread-8] INFO  uk.co.streefland.rhys.finalyearproject.core.Server -    Local netId: null
2017-01-11 19:15:00.207 [Thread-8] INFO  uk.co.streefland.rhys.finalyearproject.core.Server -   Remote netId: A47E1A5B277119EC28D8214642333968F4702292
2017-01-11 19:15:00.208 [Thread-8] INFO  uk.co.streefland.rhys.finalyearproject.core.Server - Discarding message from node that isn't part of this network
2017-01-11 19:15:00.208 [Thread-8] INFO  uk.co.streefland.rhys.finalyearproject.core.Server -    Local netId: null
2017-01-11 19:15:00.208 [Thread-8] INFO  uk.co.streefland.rhys.finalyearproject.core.Server -   Remote netId: A47E1A5B277119EC28D8214642333968F4702292
2017-01-11 19:15:00.208 [Thread-8] INFO  uk.co.streefland.rhys.finalyearproject.core.Server - Discarding message from node that isn't part of this network
2017-01-11 19:15:00.208 [Thread-8] INFO  uk.co.streefland.rhys.finalyearproject.core.Server -    Local netId: null
2017-01-11 19:15:00.208 [Thread-8] INFO  uk.co.streefland.rhys.finalyearproject.core.Server -   Remote netId: A47E1A5B277119EC28D8214642333968F4702292
2017-01-11 19:15:00.208 [Thread-8] INFO  uk.co.streefland.rhys.finalyearproject.core.Server - Discarding message from node that isn't part of this network
2017-01-11 19:15:00.209 [Thread-8] INFO  uk.co.streefland.rhys.finalyearproject.core.Server -    Local netId: null
2017-01-11 19:15:00.209 [Thread-8] INFO  uk.co.streefland.rhys.finalyearproject.core.Server -   Remote netId: A47E1A5B277119EC28D8214642333968F4702292
2017-01-11 19:15:00.209 [Thread-8] INFO  uk.co.streefland.rhys.finalyearproject.core.Server - Discarding message from node that isn't part of this network
2017-01-11 19:15:00.209 [Thread-8] INFO  uk.co.streefland.rhys.finalyearproject.core.Server -    Local netId: null
2017-01-11 19:15:00.209 [Thread-8] INFO  uk.co.streefland.rhys.finalyearproject.core.Server -   Remote netId: A47E1A5B277119EC28D8214642333968F4702292
2017-01-11 19:15:00.210 [Thread-8] INFO  uk.co.streefland.rhys.finalyearproject.core.Server - Discarding message from node that isn't part of this network
2017-01-11 19:15:00.210 [Thread-8] INFO  uk.co.streefland.rhys.finalyearproject.core.Server -    Local netId: null
2017-01-11 19:15:00.210 [Thread-8] INFO  uk.co.streefland.rhys.finalyearproject.core.Server -   Remote netId: A47E1A5B277119EC28D8214642333968F4702292
2017-01-11 19:15:00.210 [Thread-8] INFO  uk.co.streefland.rhys.finalyearproject.core.Server - Discarding message from node that isn't part of this network
2017-01-11 19:15:00.210 [Thread-8] INFO  uk.co.streefland.rhys.finalyearproject.core.Server -    Local netId: null
2017-01-11 19:15:00.210 [Thread-8] INFO  uk.co.streefland.rhys.finalyearproject.core.Server -   Remote netId: A47E1A5B277119EC28D8214642333968F4702292
2017-01-11 19:15:00.210 [Thread-8] INFO  uk.co.streefland.rhys.finalyearproject.core.Server - Discarding message from node that isn't part of this network
2017-01-11 19:15:00.211 [Thread-8] INFO  uk.co.streefland.rhys.finalyearproject.core.Server -    Local netId: null
2017-01-11 19:15:00.211 [Thread-8] INFO  uk.co.streefland.rhys.finalyearproject.core.Server -   Remote netId: A47E1A5B277119EC28D8214642333968F4702292
2017-01-11 19:15:00.211 [Thread-8] INFO  uk.co.streefland.rhys.finalyearproject.core.Server - Discarding message from node that isn't part of this network
2017-01-11 19:15:00.211 [Thread-8] INFO  uk.co.streefland.rhys.finalyearproject.core.Server -    Local netId: null
2017-01-11 19:15:00.211 [Thread-8] INFO  uk.co.streefland.rhys.finalyearproject.core.Server -   Remote netId: A47E1A5B277119EC28D8214642333968F4702292
2017-01-11 19:15:00.211 [Thread-8] INFO  uk.co.streefland.rhys.finalyearproject.core.Server - Discarding message from node that isn't part of this network
2017-01-11 19:15:00.212 [Thread-8] INFO  uk.co.streefland.rhys.finalyearproject.core.Server -    Local netId: null
2017-01-11 19:15:00.212 [Thread-8] INFO  uk.co.streefland.rhys.finalyearproject.core.Server -   Remote netId: A47E1A5B277119EC28D8214642333968F4702292
2017-01-11 19:15:00.212 [Thread-8] INFO  uk.co.streefland.rhys.finalyearproject.core.Server - Discarding message from node that isn't part of this network
2017-01-11 19:15:00.212 [Thread-8] INFO  uk.co.streefland.rhys.finalyearproject.core.Server -    Local netId: null
2017-01-11 19:15:00.212 [Thread-8] INFO  uk.co.streefland.rhys.finalyearproject.core.Server -   Remote netId: A47E1A5B277119EC28D8214642333968F4702292
2017-01-11 19:15:00.213 [Thread-8] INFO  uk.co.streefland.rhys.finalyearproject.core.Server - Discarding message from node that isn't part of this network
2017-01-11 19:15:00.213 [Thread-8] INFO  uk.co.streefland.rhys.finalyearproject.core.Server -    Local netId: null
2017-01-11 19:15:00.213 [Thread-8] INFO  uk.co.streefland.rhys.finalyearproject.core.Server -   Remote netId: A47E1A5B277119EC28D8214642333968F4702292
2017-01-11 19:15:00.213 [Thread-8] INFO  uk.co.streefland.rhys.finalyearproject.core.Server - Discarding message from node that isn't part of this network
2017-01-11 19:15:00.213 [Thread-8] INFO  uk.co.streefland.rhys.finalyearproject.core.Server -    Local netId: null
2017-01-11 19:15:00.213 [Thread-8] INFO  uk.co.streefland.rhys.finalyearproject.core.Server -   Remote netId: A47E1A5B277119EC28D8214642333968F4702292
2017-01-11 19:15:00.214 [Thread-8] INFO  uk.co.streefland.rhys.finalyearproject.core.Server - Discarding message from node that isn't part of this network
2017-01-11 19:15:00.214 [Thread-8] INFO  uk.co.streefland.rhys.finalyearproject.core.Server -    Local netId: null
2017-01-11 19:15:00.214 [Thread-8] INFO  uk.co.streefland.rhys.finalyearproject.core.Server -   Remote netId: A47E1A5B277119EC28D8214642333968F4702292
2017-01-11 19:15:00.214 [Thread-8] INFO  uk.co.streefland.rhys.finalyearproject.core.Server - Discarding message from node that isn't part of this network
2017-01-11 19:15:00.214 [Thread-8] INFO  uk.co.streefland.rhys.finalyearproject.core.Server -    Local netId: null
2017-01-11 19:15:00.214 [Thread-8] INFO  uk.co.streefland.rhys.finalyearproject.core.Server -   Remote netId: A47E1A5B277119EC28D8214642333968F4702292
2017-01-11 19:15:00.215 [Thread-8] INFO  uk.co.streefland.rhys.finalyearproject.core.Server - Discarding message from node that isn't part of this network
2017-01-11 19:15:00.215 [Thread-8] INFO  uk.co.streefland.rhys.finalyearproject.core.Server -    Local netId: null
2017-01-11 19:15:00.215 [Thread-8] INFO  uk.co.streefland.rhys.finalyearproject.core.Server -   Remote netId: A47E1A5B277119EC28D8214642333968F4702292
2017-01-11 19:15:00.215 [Thread-8] INFO  uk.co.streefland.rhys.finalyearproject.core.Server - Discarding message from node that isn't part of this network
2017-01-11 19:15:00.215 [Thread-8] INFO  uk.co.streefland.rhys.finalyearproject.core.Server -    Local netId: null
2017-01-11 19:15:00.215 [Thread-8] INFO  uk.co.streefland.rhys.finalyearproject.core.Server -   Remote netId: A47E1A5B277119EC28D8214642333968F4702292
2017-01-11 19:15:00.216 [Thread-8] INFO  uk.co.streefland.rhys.finalyearproject.core.Server - Discarding message from node that isn't part of this network
2017-01-11 19:15:00.216 [Thread-8] INFO  uk.co.streefland.rhys.finalyearproject.core.Server -    Local netId: null
2017-01-11 19:15:00.216 [Thread-8] INFO  uk.co.streefland.rhys.finalyearproject.core.Server -   Remote netId: A47E1A5B277119EC28D8214642333968F4702292
2017-01-11 19:15:00.216 [Thread-8] INFO  uk.co.streefland.rhys.finalyearproject.core.Server - Discarding message from node that isn't part of this network
2017-01-11 19:15:00.216 [Thread-8] INFO  uk.co.streefland.rhys.finalyearproject.core.Server -    Local netId: null
2017-01-11 19:15:00.216 [Thread-8] INFO  uk.co.streefland.rhys.finalyearproject.core.Server -   Remote netId: A47E1A5B277119EC28D8214642333968F4702292
2017-01-11 19:15:00.216 [Thread-8] INFO  uk.co.streefland.rhys.finalyearproject.core.Server - Discarding message from node that isn't part of this network
2017-01-11 19:15:00.217 [Thread-8] INFO  uk.co.streefland.rhys.finalyearproject.core.Server -    Local netId: null
2017-01-11 19:15:00.217 [Thread-8] INFO  uk.co.streefland.rhys.finalyearproject.core.Server -   Remote netId: A47E1A5B277119EC28D8214642333968F4702292
2017-01-11 19:15:00.217 [Thread-8] INFO  uk.co.streefland.rhys.finalyearproject.core.Server - Discarding message from node that isn't part of this network
2017-01-11 19:15:00.217 [Thread-8] INFO  uk.co.streefland.rhys.finalyearproject.core.Server -    Local netId: null
2017-01-11 19:15:00.217 [Thread-8] INFO  uk.co.streefland.rhys.finalyearproject.core.Server -   Remote netId: A47E1A5B277119EC28D8214642333968F4702292
2017-01-11 19:15:00.217 [Thread-8] INFO  uk.co.streefland.rhys.finalyearproject.core.Server - Discarding message from node that isn't part of this network
2017-01-11 19:15:00.218 [Thread-8] INFO  uk.co.streefland.rhys.finalyearproject.core.Server -    Local netId: null
2017-01-11 19:15:00.218 [Thread-8] INFO  uk.co.streefland.rhys.finalyearproject.core.Server -   Remote netId: A47E1A5B277119EC28D8214642333968F4702292
2017-01-11 19:15:00.218 [Thread-8] INFO  uk.co.streefland.rhys.finalyearproject.core.Server - Discarding message from node that isn't part of this network
2017-01-11 19:15:00.218 [Thread-8] INFO  uk.co.streefland.rhys.finalyearproject.core.Server -    Local netId: null
2017-01-11 19:15:00.218 [Thread-8] INFO  uk.co.streefland.rhys.finalyearproject.core.Server -   Remote netId: A47E1A5B277119EC28D8214642333968F4702292
2017-01-11 19:15:00.218 [Thread-8] INFO  uk.co.streefland.rhys.finalyearproject.core.Server - Discarding message from node that isn't part of this network
2017-01-11 19:15:00.219 [Thread-8] INFO  uk.co.streefland.rhys.finalyearproject.core.Server -    Local netId: null
2017-01-11 19:15:00.219 [Thread-8] INFO  uk.co.streefland.rhys.finalyearproject.core.Server -   Remote netId: A47E1A5B277119EC28D8214642333968F4702292
2017-01-11 19:15:00.219 [Thread-8] INFO  uk.co.streefland.rhys.finalyearproject.core.Server - Discarding message from node that isn't part of this network
2017-01-11 19:15:00.219 [Thread-8] INFO  uk.co.streefland.rhys.finalyearproject.core.Server -    Local netId: null
2017-01-11 19:15:00.219 [Thread-8] INFO  uk.co.streefland.rhys.finalyearproject.core.Server -   Remote netId: A47E1A5B277119EC28D8214642333968F4702292
2017-01-11 19:15:00.219 [Thread-8] INFO  uk.co.streefland.rhys.finalyearproject.core.Server - Discarding message from node that isn't part of this network
2017-01-11 19:15:00.219 [Thread-8] INFO  uk.co.streefland.rhys.finalyearproject.core.Server -    Local netId: null
2017-01-11 19:15:00.220 [Thread-8] INFO  uk.co.streefland.rhys.finalyearproject.core.Server -   Remote netId: A47E1A5B277119EC28D8214642333968F4702292
2017-01-11 19:15:00.220 [Thread-8] INFO  uk.co.streefland.rhys.finalyearproject.core.Server - Discarding message from node that isn't part of this network
2017-01-11 19:15:00.220 [Thread-8] INFO  uk.co.streefland.rhys.finalyearproject.core.Server -    Local netId: null
2017-01-11 19:15:00.220 [Thread-8] INFO  uk.co.streefland.rhys.finalyearproject.core.Server -   Remote netId: A47E1A5B277119EC28D8214642333968F4702292
2017-01-11 19:15:00.220 [Thread-8] INFO  uk.co.streefland.rhys.finalyearproject.core.Server - Discarding message from node that isn't part of this network
2017-01-11 19:15:00.221 [Thread-8] INFO  uk.co.streefland.rhys.finalyearproject.core.Server -    Local netId: null
2017-01-11 19:15:00.221 [Thread-8] INFO  uk.co.streefland.rhys.finalyearproject.core.Server -   Remote netId: A47E1A5B277119EC28D8214642333968F4702292
2017-01-11 19:15:00.221 [Thread-8] INFO  uk.co.streefland.rhys.finalyearproject.core.Server - Discarding message from node that isn't part of this network
2017-01-11 19:15:00.221 [Thread-8] INFO  uk.co.streefland.rhys.finalyearproject.core.Server -    Local netId: null
2017-01-11 19:15:00.221 [Thread-8] INFO  uk.co.streefland.rhys.finalyearproject.core.Server -   Remote netId: A47E1A5B277119EC28D8214642333968F4702292
2017-01-11 19:15:00.222 [Thread-8] INFO  uk.co.streefland.rhys.finalyearproject.core.Server - Discarding message from node that isn't part of this network
2017-01-11 19:15:00.222 [Thread-8] INFO  uk.co.streefland.rhys.finalyearproject.core.Server -    Local netId: null
2017-01-11 19:15:00.222 [Thread-8] INFO  uk.co.streefland.rhys.finalyearproject.core.Server -   Remote netId: A47E1A5B277119EC28D8214642333968F4702292
2017-01-11 19:15:00.222 [Thread-8] INFO  uk.co.streefland.rhys.finalyearproject.core.Server - Discarding message from node that isn't part of this network
2017-01-11 19:15:00.222 [Thread-8] INFO  uk.co.streefland.rhys.finalyearproject.core.Server -    Local netId: null
2017-01-11 19:15:00.222 [Thread-8] INFO  uk.co.streefland.rhys.finalyearproject.core.Server -   Remote netId: A47E1A5B277119EC28D8214642333968F4702292
2017-01-11 19:15:00.223 [Thread-8] INFO  uk.co.streefland.rhys.finalyearproject.core.Server - Discarding message from node that isn't part of this network
2017-01-11 19:15:00.223 [Thread-8] INFO  uk.co.streefland.rhys.finalyearproject.core.Server -    Local netId: null
2017-01-11 19:15:00.223 [Thread-8] INFO  uk.co.streefland.rhys.finalyearproject.core.Server -   Remote netId: A47E1A5B277119EC28D8214642333968F4702292
2017-01-11 19:15:00.223 [Thread-8] INFO  uk.co.streefland.rhys.finalyearproject.core.Server - Discarding message from node that isn't part of this network
2017-01-11 19:15:00.224 [Thread-8] INFO  uk.co.streefland.rhys.finalyearproject.core.Server -    Local netId: null
2017-01-11 19:15:00.224 [Thread-8] INFO  uk.co.streefland.rhys.finalyearproject.core.Server -   Remote netId: A47E1A5B277119EC28D8214642333968F4702292
2017-01-11 19:15:00.224 [Thread-8] INFO  uk.co.streefland.rhys.finalyearproject.core.Server - Discarding message from node that isn't part of this network
2017-01-11 19:15:00.224 [Thread-8] INFO  uk.co.streefland.rhys.finalyearproject.core.Server -    Local netId: null
2017-01-11 19:15:00.224 [Thread-8] INFO  uk.co.streefland.rhys.finalyearproject.core.Server -   Remote netId: A47E1A5B277119EC28D8214642333968F4702292
2017-01-11 19:15:00.224 [Thread-8] INFO  uk.co.streefland.rhys.finalyearproject.core.Server - Discarding message from node that isn't part of this network
2017-01-11 19:15:00.225 [Thread-8] INFO  uk.co.streefland.rhys.finalyearproject.core.Server -    Local netId: null
2017-01-11 19:15:00.225 [Thread-8] INFO  uk.co.streefland.rhys.finalyearproject.core.Server -   Remote netId: A47E1A5B277119EC28D8214642333968F4702292
2017-01-11 19:15:00.225 [Thread-8] INFO  uk.co.streefland.rhys.finalyearproject.core.Server - Discarding message from node that isn't part of this network
2017-01-11 19:15:00.225 [Thread-8] INFO  uk.co.streefland.rhys.finalyearproject.core.Server -    Local netId: null
2017-01-11 19:15:00.225 [Thread-8] INFO  uk.co.streefland.rhys.finalyearproject.core.Server -   Remote netId: A47E1A5B277119EC28D8214642333968F4702292
2017-01-11 19:15:00.225 [Thread-8] INFO  uk.co.streefland.rhys.finalyearproject.core.Server - Discarding message from node that isn't part of this network
2017-01-11 19:15:00.226 [Thread-8] INFO  uk.co.streefland.rhys.finalyearproject.core.Server -    Local netId: null
2017-01-11 19:15:00.226 [Thread-8] INFO  uk.co.streefland.rhys.finalyearproject.core.Server -   Remote netId: A47E1A5B277119EC28D8214642333968F4702292
2017-01-11 19:15:00.226 [Thread-8] INFO  uk.co.streefland.rhys.finalyearproject.core.Server - Discarding message from node that isn't part of this network
2017-01-11 19:15:00.226 [Thread-8] INFO  uk.co.streefland.rhys.finalyearproject.core.Server -    Local netId: null
2017-01-11 19:15:00.226 [Thread-8] INFO  uk.co.streefland.rhys.finalyearproject.core.Server -   Remote netId: A47E1A5B277119EC28D8214642333968F4702292
2017-01-11 19:15:00.226 [Thread-8] INFO  uk.co.streefland.rhys.finalyearproject.core.Server - Discarding message from node that isn't part of this network
2017-01-11 19:15:00.227 [Thread-8] INFO  uk.co.streefland.rhys.finalyearproject.core.Server -    Local netId: null
2017-01-11 19:15:00.227 [Thread-8] INFO  uk.co.streefland.rhys.finalyearproject.core.Server -   Remote netId: A47E1A5B277119EC28D8214642333968F4702292
2017-01-11 19:15:00.227 [Thread-8] INFO  uk.co.streefland.rhys.finalyearproject.core.Server - Discarding message from node that isn't part of this network
2017-01-11 19:15:00.227 [Thread-8] INFO  uk.co.streefland.rhys.finalyearproject.core.Server -    Local netId: null
2017-01-11 19:15:00.227 [Thread-8] INFO  uk.co.streefland.rhys.finalyearproject.core.Server -   Remote netId: A47E1A5B277119EC28D8214642333968F4702292
2017-01-11 19:15:00.227 [Thread-8] INFO  uk.co.streefland.rhys.finalyearproject.core.Server - Discarding message from node that isn't part of this network
2017-01-11 19:15:00.227 [Thread-8] INFO  uk.co.streefland.rhys.finalyearproject.core.Server -    Local netId: null
2017-01-11 19:15:00.227 [Thread-8] INFO  uk.co.streefland.rhys.finalyearproject.core.Server -   Remote netId: A47E1A5B277119EC28D8214642333968F4702292
2017-01-11 19:15:00.228 [Thread-8] INFO  uk.co.streefland.rhys.finalyearproject.core.Server - Discarding message from node that isn't part of this network
2017-01-11 19:15:00.228 [Thread-8] INFO  uk.co.streefland.rhys.finalyearproject.core.Server -    Local netId: null
2017-01-11 19:15:00.228 [Thread-8] INFO  uk.co.streefland.rhys.finalyearproject.core.Server -   Remote netId: A47E1A5B277119EC28D8214642333968F4702292
2017-01-11 19:15:00.228 [Thread-8] INFO  uk.co.streefland.rhys.finalyearproject.core.Server - Discarding message from node that isn't part of this network
2017-01-11 19:15:00.228 [Thread-8] INFO  uk.co.streefland.rhys.finalyearproject.core.Server -    Local netId: null
2017-01-11 19:15:00.228 [Thread-8] INFO  uk.co.streefland.rhys.finalyearproject.core.Server -   Remote netId: A47E1A5B277119EC28D8214642333968F4702292
2017-01-11 19:15:00.228 [Thread-8] INFO  uk.co.streefland.rhys.finalyearproject.core.Server - Discarding message from node that isn't part of this network
2017-01-11 19:15:00.228 [Thread-8] INFO  uk.co.streefland.rhys.finalyearproject.core.Server -    Local netId: null
2017-01-11 19:15:00.229 [Thread-8] INFO  uk.co.streefland.rhys.finalyearproject.core.Server -   Remote netId: A47E1A5B277119EC28D8214642333968F4702292
2017-01-11 19:15:00.229 [Thread-8] INFO  uk.co.streefland.rhys.finalyearproject.core.Server - Discarding message from node that isn't part of this network
2017-01-11 19:15:00.229 [Thread-8] INFO  uk.co.streefland.rhys.finalyearproject.core.Server -    Local netId: null
2017-01-11 19:15:00.229 [Thread-8] INFO  uk.co.streefland.rhys.finalyearproject.core.Server -   Remote netId: A47E1A5B277119EC28D8214642333968F4702292
2017-01-11 19:15:00.229 [Thread-8] INFO  uk.co.streefland.rhys.finalyearproject.core.Server - Discarding message from node that isn't part of this network
2017-01-11 19:15:00.229 [Thread-8] INFO  uk.co.streefland.rhys.finalyearproject.core.Server -    Local netId: null
2017-01-11 19:15:00.229 [Thread-8] INFO  uk.co.streefland.rhys.finalyearproject.core.Server -   Remote netId: A47E1A5B277119EC28D8214642333968F4702292
2017-01-11 19:15:00.229 [Thread-8] INFO  uk.co.streefland.rhys.finalyearproject.core.Server - Discarding message from node that isn't part of this network
2017-01-11 19:15:00.230 [Thread-8] INFO  uk.co.streefland.rhys.finalyearproject.core.Server -    Local netId: null
2017-01-11 19:15:00.230 [Thread-8] INFO  uk.co.streefland.rhys.finalyearproject.core.Server -   Remote netId: A47E1A5B277119EC28D8214642333968F4702292
2017-01-11 19:15:00.230 [Thread-8] INFO  uk.co.streefland.rhys.finalyearproject.core.Server - Discarding message from node that isn't part of this network
2017-01-11 19:15:00.230 [Thread-8] INFO  uk.co.streefland.rhys.finalyearproject.core.Server -    Local netId: null
2017-01-11 19:15:00.230 [Thread-8] INFO  uk.co.streefland.rhys.finalyearproject.core.Server -   Remote netId: A47E1A5B277119EC28D8214642333968F4702292
2017-01-11 19:15:00.230 [Thread-8] INFO  uk.co.streefland.rhys.finalyearproject.core.Server - Discarding message from node that isn't part of this network
2017-01-11 19:15:00.230 [Thread-8] INFO  uk.co.streefland.rhys.finalyearproject.core.Server -    Local netId: null
2017-01-11 19:15:00.230 [Thread-8] INFO  uk.co.streefland.rhys.finalyearproject.core.Server -   Remote netId: A47E1A5B277119EC28D8214642333968F4702292
2017-01-11 19:15:00.231 [Thread-8] INFO  uk.co.streefland.rhys.finalyearproject.core.Server - Discarding message from node that isn't part of this network
2017-01-11 19:15:00.231 [Thread-8] INFO  uk.co.streefland.rhys.finalyearproject.core.Server -    Local netId: null
2017-01-11 19:15:00.231 [Thread-8] INFO  uk.co.streefland.rhys.finalyearproject.core.Server -   Remote netId: A47E1A5B277119EC28D8214642333968F4702292
2017-01-11 19:15:00.231 [Thread-8] INFO  uk.co.streefland.rhys.finalyearproject.core.Server - Discarding message from node that isn't part of this network
2017-01-11 19:15:00.231 [Thread-8] INFO  uk.co.streefland.rhys.finalyearproject.core.Server -    Local netId: null
2017-01-11 19:15:00.231 [Thread-8] INFO  uk.co.streefland.rhys.finalyearproject.core.Server -   Remote netId: A47E1A5B277119EC28D8214642333968F4702292
2017-01-11 19:15:00.231 [Thread-8] INFO  uk.co.streefland.rhys.finalyearproject.core.Server - Discarding message from node that isn't part of this network
2017-01-11 19:15:00.231 [Thread-8] INFO  uk.co.streefland.rhys.finalyearproject.core.Server -    Local netId: null
2017-01-11 19:15:00.232 [Thread-8] INFO  uk.co.streefland.rhys.finalyearproject.core.Server -   Remote netId: A47E1A5B277119EC28D8214642333968F4702292
2017-01-11 19:15:00.232 [Thread-8] INFO  uk.co.streefland.rhys.finalyearproject.core.Server - Discarding message from node that isn't part of this network
2017-01-11 19:15:00.232 [Thread-8] INFO  uk.co.streefland.rhys.finalyearproject.core.Server -    Local netId: null
2017-01-11 19:15:00.232 [Thread-8] INFO  uk.co.streefland.rhys.finalyearproject.core.Server -   Remote netId: A47E1A5B277119EC28D8214642333968F4702292
2017-01-11 19:15:00.232 [Thread-8] INFO  uk.co.streefland.rhys.finalyearproject.core.Server - Discarding message from node that isn't part of this network
2017-01-11 19:15:00.232 [Thread-8] INFO  uk.co.streefland.rhys.finalyearproject.core.Server -    Local netId: null
2017-01-11 19:15:00.232 [Thread-8] INFO  uk.co.streefland.rhys.finalyearproject.core.Server -   Remote netId: A47E1A5B277119EC28D8214642333968F4702292
2017-01-11 19:15:00.233 [Thread-8] INFO  uk.co.streefland.rhys.finalyearproject.core.Server - Discarding message from node that isn't part of this network
2017-01-11 19:15:00.233 [Thread-8] INFO  uk.co.streefland.rhys.finalyearproject.core.Server -    Local netId: null
2017-01-11 19:15:00.233 [Thread-8] INFO  uk.co.streefland.rhys.finalyearproject.core.Server -   Remote netId: A47E1A5B277119EC28D8214642333968F4702292
2017-01-11 19:15:00.233 [Thread-8] INFO  uk.co.streefland.rhys.finalyearproject.core.Server - Discarding message from node that isn't part of this network
2017-01-11 19:15:00.233 [Thread-8] INFO  uk.co.streefland.rhys.finalyearproject.core.Server -    Local netId: null
2017-01-11 19:15:00.233 [Thread-8] INFO  uk.co.streefland.rhys.finalyearproject.core.Server -   Remote netId: A47E1A5B277119EC28D8214642333968F4702292
2017-01-11 19:15:00.233 [Thread-8] INFO  uk.co.streefland.rhys.finalyearproject.core.Server - Discarding message from node that isn't part of this network
2017-01-11 19:15:00.234 [Thread-8] INFO  uk.co.streefland.rhys.finalyearproject.core.Server -    Local netId: null
2017-01-11 19:15:00.234 [Thread-8] INFO  uk.co.streefland.rhys.finalyearproject.core.Server -   Remote netId: A47E1A5B277119EC28D8214642333968F4702292
2017-01-11 19:15:00.234 [Thread-8] INFO  uk.co.streefland.rhys.finalyearproject.core.Server - Discarding message from node that isn't part of this network
2017-01-11 19:15:00.234 [Thread-8] INFO  uk.co.streefland.rhys.finalyearproject.core.Server -    Local netId: null
2017-01-11 19:15:00.234 [Thread-8] INFO  uk.co.streefland.rhys.finalyearproject.core.Server -   Remote netId: A47E1A5B277119EC28D8214642333968F4702292
2017-01-11 19:15:00.234 [Thread-8] INFO  uk.co.streefland.rhys.finalyearproject.core.Server - Discarding message from node that isn't part of this network
2017-01-11 19:15:00.234 [Thread-8] INFO  uk.co.streefland.rhys.finalyearproject.core.Server -    Local netId: null
2017-01-11 19:15:00.235 [Thread-8] INFO  uk.co.streefland.rhys.finalyearproject.core.Server -   Remote netId: A47E1A5B277119EC28D8214642333968F4702292
2017-01-11 19:15:00.235 [Thread-8] INFO  uk.co.streefland.rhys.finalyearproject.core.Server - Discarding message from node that isn't part of this network
2017-01-11 19:15:00.235 [Thread-8] INFO  uk.co.streefland.rhys.finalyearproject.core.Server -    Local netId: null
2017-01-11 19:15:00.235 [Thread-8] INFO  uk.co.streefland.rhys.finalyearproject.core.Server -   Remote netId: A47E1A5B277119EC28D8214642333968F4702292
2017-01-11 19:15:00.235 [Thread-8] INFO  uk.co.streefland.rhys.finalyearproject.core.Server - Discarding message from node that isn't part of this network
2017-01-11 19:15:00.235 [Thread-8] INFO  uk.co.streefland.rhys.finalyearproject.core.Server -    Local netId: null
2017-01-11 19:15:00.235 [Thread-8] INFO  uk.co.streefland.rhys.finalyearproject.core.Server -   Remote netId: A47E1A5B277119EC28D8214642333968F4702292
2017-01-11 19:15:00.236 [Thread-8] INFO  uk.co.streefland.rhys.finalyearproject.core.Server - Discarding message from node that isn't part of this network
2017-01-11 19:15:00.236 [Thread-8] INFO  uk.co.streefland.rhys.finalyearproject.core.Server -    Local netId: null
2017-01-11 19:15:00.236 [Thread-8] INFO  uk.co.streefland.rhys.finalyearproject.core.Server -   Remote netId: A47E1A5B277119EC28D8214642333968F4702292
2017-01-11 19:15:00.236 [Thread-8] INFO  uk.co.streefland.rhys.finalyearproject.core.Server - Discarding message from node that isn't part of this network
2017-01-11 19:15:00.236 [Thread-8] INFO  uk.co.streefland.rhys.finalyearproject.core.Server -    Local netId: null
2017-01-11 19:15:00.236 [Thread-8] INFO  uk.co.streefland.rhys.finalyearproject.core.Server -   Remote netId: A47E1A5B277119EC28D8214642333968F4702292
2017-01-11 19:15:00.236 [Thread-8] INFO  uk.co.streefland.rhys.finalyearproject.core.Server - Discarding message from node that isn't part of this network
2017-01-11 19:15:00.236 [Thread-8] INFO  uk.co.streefland.rhys.finalyearproject.core.Server -    Local netId: null
2017-01-11 19:15:00.236 [Thread-8] INFO  uk.co.streefland.rhys.finalyearproject.core.Server -   Remote netId: A47E1A5B277119EC28D8214642333968F4702292
2017-01-11 19:15:00.237 [Thread-8] INFO  uk.co.streefland.rhys.finalyearproject.core.Server - Discarding message from node that isn't part of this network
2017-01-11 19:15:00.237 [Thread-8] INFO  uk.co.streefland.rhys.finalyearproject.core.Server -    Local netId: null
2017-01-11 19:15:00.237 [Thread-8] INFO  uk.co.streefland.rhys.finalyearproject.core.Server -   Remote netId: A47E1A5B277119EC28D8214642333968F4702292
2017-01-11 19:15:00.237 [Thread-8] INFO  uk.co.streefland.rhys.finalyearproject.core.Server - Discarding message from node that isn't part of this network
2017-01-11 19:15:00.237 [Thread-8] INFO  uk.co.streefland.rhys.finalyearproject.core.Server -    Local netId: null
2017-01-11 19:15:00.237 [Thread-8] INFO  uk.co.streefland.rhys.finalyearproject.core.Server -   Remote netId: A47E1A5B277119EC28D8214642333968F4702292
2017-01-11 19:15:00.237 [Thread-8] INFO  uk.co.streefland.rhys.finalyearproject.core.Server - Discarding message from node that isn't part of this network
2017-01-11 19:15:00.237 [Thread-8] INFO  uk.co.streefland.rhys.finalyearproject.core.Server -    Local netId: null
2017-01-11 19:15:00.237 [Thread-8] INFO  uk.co.streefland.rhys.finalyearproject.core.Server -   Remote netId: A47E1A5B277119EC28D8214642333968F4702292
2017-01-11 19:15:00.238 [Thread-8] INFO  uk.co.streefland.rhys.finalyearproject.core.Server - Discarding message from node that isn't part of this network
2017-01-11 19:15:00.238 [Thread-8] INFO  uk.co.streefland.rhys.finalyearproject.core.Server -    Local netId: null
2017-01-11 19:15:00.238 [Thread-8] INFO  uk.co.streefland.rhys.finalyearproject.core.Server -   Remote netId: A47E1A5B277119EC28D8214642333968F4702292
2017-01-11 19:15:00.238 [Thread-8] INFO  uk.co.streefland.rhys.finalyearproject.core.Server - Discarding message from node that isn't part of this network
2017-01-11 19:15:00.238 [Thread-8] INFO  uk.co.streefland.rhys.finalyearproject.core.Server -    Local netId: null
2017-01-11 19:15:00.238 [Thread-8] INFO  uk.co.streefland.rhys.finalyearproject.core.Server -   Remote netId: A47E1A5B277119EC28D8214642333968F4702292
2017-01-11 19:15:00.239 [Thread-8] INFO  uk.co.streefland.rhys.finalyearproject.core.Server - Discarding message from node that isn't part of this network
2017-01-11 19:15:00.239 [Thread-8] INFO  uk.co.streefland.rhys.finalyearproject.core.Server -    Local netId: null
2017-01-11 19:15:00.239 [Thread-8] INFO  uk.co.streefland.rhys.finalyearproject.core.Server -   Remote netId: A47E1A5B277119EC28D8214642333968F4702292
2017-01-11 19:15:00.239 [Thread-8] INFO  uk.co.streefland.rhys.finalyearproject.core.Server - Discarding message from node that isn't part of this network
2017-01-11 19:15:00.239 [Thread-8] INFO  uk.co.streefland.rhys.finalyearproject.core.Server -    Local netId: null
2017-01-11 19:15:00.239 [Thread-8] INFO  uk.co.streefland.rhys.finalyearproject.core.Server -   Remote netId: A47E1A5B277119EC28D8214642333968F4702292
2017-01-11 19:15:00.239 [Thread-8] INFO  uk.co.streefland.rhys.finalyearproject.core.Server - Discarding message from node that isn't part of this network
2017-01-11 19:15:00.239 [Thread-8] INFO  uk.co.streefland.rhys.finalyearproject.core.Server -    Local netId: null
2017-01-11 19:15:00.240 [Thread-8] INFO  uk.co.streefland.rhys.finalyearproject.core.Server -   Remote netId: A47E1A5B277119EC28D8214642333968F4702292
2017-01-11 19:15:00.240 [Thread-8] INFO  uk.co.streefland.rhys.finalyearproject.core.Server - Discarding message from node that isn't part of this network
2017-01-11 19:15:00.240 [Thread-8] INFO  uk.co.streefland.rhys.finalyearproject.core.Server -    Local netId: null
2017-01-11 19:15:00.240 [Thread-8] INFO  uk.co.streefland.rhys.finalyearproject.core.Server -   Remote netId: A47E1A5B277119EC28D8214642333968F4702292
2017-01-11 19:15:00.240 [Thread-8] INFO  uk.co.streefland.rhys.finalyearproject.core.Server - Discarding message from node that isn't part of this network
2017-01-11 19:15:00.240 [Thread-8] INFO  uk.co.streefland.rhys.finalyearproject.core.Server -    Local netId: null
2017-01-11 19:15:00.240 [Thread-8] INFO  uk.co.streefland.rhys.finalyearproject.core.Server -   Remote netId: A47E1A5B277119EC28D8214642333968F4702292
2017-01-11 19:15:00.240 [Thread-8] INFO  uk.co.streefland.rhys.finalyearproject.core.Server - Discarding message from node that isn't part of this network
2017-01-11 19:15:00.240 [Thread-8] INFO  uk.co.streefland.rhys.finalyearproject.core.Server -    Local netId: null
2017-01-11 19:15:00.241 [Thread-8] INFO  uk.co.streefland.rhys.finalyearproject.core.Server -   Remote netId: A47E1A5B277119EC28D8214642333968F4702292
2017-01-11 19:15:00.241 [Thread-8] INFO  uk.co.streefland.rhys.finalyearproject.core.Server - Discarding message from node that isn't part of this network
2017-01-11 19:15:00.241 [Thread-8] INFO  uk.co.streefland.rhys.finalyearproject.core.Server -    Local netId: null
2017-01-11 19:15:00.241 [Thread-8] INFO  uk.co.streefland.rhys.finalyearproject.core.Server -   Remote netId: A47E1A5B277119EC28D8214642333968F4702292
2017-01-11 19:15:00.241 [Thread-8] INFO  uk.co.streefland.rhys.finalyearproject.core.Server - Discarding message from node that isn't part of this network
2017-01-11 19:15:00.241 [Thread-8] INFO  uk.co.streefland.rhys.finalyearproject.core.Server -    Local netId: null
2017-01-11 19:15:00.241 [Thread-8] INFO  uk.co.streefland.rhys.finalyearproject.core.Server -   Remote netId: A47E1A5B277119EC28D8214642333968F4702292
2017-01-11 19:15:00.242 [Thread-8] INFO  uk.co.streefland.rhys.finalyearproject.core.Server - Discarding message from node that isn't part of this network
2017-01-11 19:15:00.242 [Thread-8] INFO  uk.co.streefland.rhys.finalyearproject.core.Server -    Local netId: null
2017-01-11 19:15:00.242 [Thread-8] INFO  uk.co.streefland.rhys.finalyearproject.core.Server -   Remote netId: A47E1A5B277119EC28D8214642333968F4702292
2017-01-11 19:15:00.242 [Thread-8] INFO  uk.co.streefland.rhys.finalyearproject.core.Server - Discarding message from node that isn't part of this network
2017-01-11 19:15:00.242 [Thread-8] INFO  uk.co.streefland.rhys.finalyearproject.core.Server -    Local netId: null
2017-01-11 19:15:00.242 [Thread-8] INFO  uk.co.streefland.rhys.finalyearproject.core.Server -   Remote netId: A47E1A5B277119EC28D8214642333968F4702292
2017-01-11 19:15:00.242 [Thread-8] INFO  uk.co.streefland.rhys.finalyearproject.core.Server - Discarding message from node that isn't part of this network
2017-01-11 19:15:00.242 [Thread-8] INFO  uk.co.streefland.rhys.finalyearproject.core.Server -    Local netId: null
2017-01-11 19:15:00.243 [Thread-8] INFO  uk.co.streefland.rhys.finalyearproject.core.Server -   Remote netId: A47E1A5B277119EC28D8214642333968F4702292
2017-01-11 19:15:00.243 [Thread-8] INFO  uk.co.streefland.rhys.finalyearproject.core.Server - Discarding message from node that isn't part of this network
2017-01-11 19:15:00.243 [Thread-8] INFO  uk.co.streefland.rhys.finalyearproject.core.Server -    Local netId: null
2017-01-11 19:15:00.243 [Thread-8] INFO  uk.co.streefland.rhys.finalyearproject.core.Server -   Remote netId: A47E1A5B277119EC28D8214642333968F4702292
2017-01-11 19:15:00.243 [Thread-8] INFO  uk.co.streefland.rhys.finalyearproject.core.Server - Discarding message from node that isn't part of this network
2017-01-11 19:15:00.243 [Thread-8] INFO  uk.co.streefland.rhys.finalyearproject.core.Server -    Local netId: null
2017-01-11 19:15:00.243 [Thread-8] INFO  uk.co.streefland.rhys.finalyearproject.core.Server -   Remote netId: A47E1A5B277119EC28D8214642333968F4702292
2017-01-11 19:15:00.243 [Thread-8] INFO  uk.co.streefland.rhys.finalyearproject.core.Server - Discarding message from node that isn't part of this network
2017-01-11 19:15:00.244 [Thread-8] INFO  uk.co.streefland.rhys.finalyearproject.core.Server -    Local netId: null
2017-01-11 19:15:00.244 [Thread-8] INFO  uk.co.streefland.rhys.finalyearproject.core.Server -   Remote netId: A47E1A5B277119EC28D8214642333968F4702292
2017-01-11 19:15:00.244 [Thread-8] INFO  uk.co.streefland.rhys.finalyearproject.core.Server - Discarding message from node that isn't part of this network
2017-01-11 19:15:00.244 [Thread-8] INFO  uk.co.streefland.rhys.finalyearproject.core.Server -    Local netId: null
2017-01-11 19:15:00.244 [Thread-8] INFO  uk.co.streefland.rhys.finalyearproject.core.Server -   Remote netId: A47E1A5B277119EC28D8214642333968F4702292
2017-01-11 19:15:00.244 [Thread-8] INFO  uk.co.streefland.rhys.finalyearproject.core.Server - Discarding message from node that isn't part of this network
2017-01-11 19:15:00.244 [Thread-8] INFO  uk.co.streefland.rhys.finalyearproject.core.Server -    Local netId: null
2017-01-11 19:15:00.245 [Thread-8] INFO  uk.co.streefland.rhys.finalyearproject.core.Server -   Remote netId: A47E1A5B277119EC28D8214642333968F4702292
2017-01-11 19:15:00.245 [Thread-8] INFO  uk.co.streefland.rhys.finalyearproject.core.Server - Discarding message from node that isn't part of this network
2017-01-11 19:15:00.245 [Thread-8] INFO  uk.co.streefland.rhys.finalyearproject.core.Server -    Local netId: null
2017-01-11 19:15:00.245 [Thread-8] INFO  uk.co.streefland.rhys.finalyearproject.core.Server -   Remote netId: A47E1A5B277119EC28D8214642333968F4702292
2017-01-11 19:15:00.245 [Thread-8] INFO  uk.co.streefland.rhys.finalyearproject.core.Server - Discarding message from node that isn't part of this network
2017-01-11 19:15:00.245 [Thread-8] INFO  uk.co.streefland.rhys.finalyearproject.core.Server -    Local netId: null
2017-01-11 19:15:00.245 [Thread-8] INFO  uk.co.streefland.rhys.finalyearproject.core.Server -   Remote netId: A47E1A5B277119EC28D8214642333968F4702292
2017-01-11 19:15:00.245 [Thread-8] INFO  uk.co.streefland.rhys.finalyearproject.core.Server - Discarding message from node that isn't part of this network
2017-01-11 19:15:00.245 [Thread-8] INFO  uk.co.streefland.rhys.finalyearproject.core.Server -    Local netId: null
2017-01-11 19:15:00.245 [Thread-8] INFO  uk.co.streefland.rhys.finalyearproject.core.Server -   Remote netId: A47E1A5B277119EC28D8214642333968F4702292
2017-01-11 19:15:00.246 [Thread-8] INFO  uk.co.streefland.rhys.finalyearproject.core.Server - Discarding message from node that isn't part of this network
2017-01-11 19:15:00.246 [Thread-8] INFO  uk.co.streefland.rhys.finalyearproject.core.Server -    Local netId: null
2017-01-11 19:15:00.246 [Thread-8] INFO  uk.co.streefland.rhys.finalyearproject.core.Server -   Remote netId: A47E1A5B277119EC28D8214642333968F4702292
2017-01-11 19:15:00.246 [Thread-8] INFO  uk.co.streefland.rhys.finalyearproject.core.Server - Discarding message from node that isn't part of this network
2017-01-11 19:15:00.246 [Thread-8] INFO  uk.co.streefland.rhys.finalyearproject.core.Server -    Local netId: null
2017-01-11 19:15:00.246 [Thread-8] INFO  uk.co.streefland.rhys.finalyearproject.core.Server -   Remote netId: A47E1A5B277119EC28D8214642333968F4702292
2017-01-11 19:15:00.246 [Thread-8] INFO  uk.co.streefland.rhys.finalyearproject.core.Server - Discarding message from node that isn't part of this network
2017-01-11 19:15:00.246 [Thread-8] INFO  uk.co.streefland.rhys.finalyearproject.core.Server -    Local netId: null
2017-01-11 19:15:00.246 [Thread-8] INFO  uk.co.streefland.rhys.finalyearproject.core.Server -   Remote netId: A47E1A5B277119EC28D8214642333968F4702292
2017-01-11 19:15:00.246 [Thread-8] INFO  uk.co.streefland.rhys.finalyearproject.core.Server - Discarding message from node that isn't part of this network
2017-01-11 19:15:00.246 [Thread-8] INFO  uk.co.streefland.rhys.finalyearproject.core.Server -    Local netId: null
2017-01-11 19:15:00.246 [Thread-8] INFO  uk.co.streefland.rhys.finalyearproject.core.Server -   Remote netId: A47E1A5B277119EC28D8214642333968F4702292
2017-01-11 19:15:00.247 [Thread-8] INFO  uk.co.streefland.rhys.finalyearproject.core.Server - Discarding message from node that isn't part of this network
2017-01-11 19:15:00.247 [Thread-8] INFO  uk.co.streefland.rhys.finalyearproject.core.Server -    Local netId: null
2017-01-11 19:15:00.247 [Thread-8] INFO  uk.co.streefland.rhys.finalyearproject.core.Server -   Remote netId: A47E1A5B277119EC28D8214642333968F4702292
2017-01-11 19:15:00.247 [Thread-8] INFO  uk.co.streefland.rhys.finalyearproject.core.Server - Discarding message from node that isn't part of this network
2017-01-11 19:15:00.247 [Thread-8] INFO  uk.co.streefland.rhys.finalyearproject.core.Server -    Local netId: null
2017-01-11 19:15:00.247 [Thread-8] INFO  uk.co.streefland.rhys.finalyearproject.core.Server -   Remote netId: A47E1A5B277119EC28D8214642333968F4702292
2017-01-11 19:15:00.247 [Thread-8] INFO  uk.co.streefland.rhys.finalyearproject.core.Server - Discarding message from node that isn't part of this network
2017-01-11 19:15:00.247 [Thread-8] INFO  uk.co.streefland.rhys.finalyearproject.core.Server -    Local netId: null
2017-01-11 19:15:00.247 [Thread-8] INFO  uk.co.streefland.rhys.finalyearproject.core.Server -   Remote netId: A47E1A5B277119EC28D8214642333968F4702292
2017-01-11 19:15:00.247 [Thread-8] INFO  uk.co.streefland.rhys.finalyearproject.core.Server - Discarding message from node that isn't part of this network
2017-01-11 19:15:00.248 [Thread-8] INFO  uk.co.streefland.rhys.finalyearproject.core.Server -    Local netId: null
2017-01-11 19:15:00.248 [Thread-8] INFO  uk.co.streefland.rhys.finalyearproject.core.Server -   Remote netId: A47E1A5B277119EC28D8214642333968F4702292
2017-01-11 19:15:00.248 [Thread-8] INFO  uk.co.streefland.rhys.finalyearproject.core.Server - Discarding message from node that isn't part of this network
2017-01-11 19:15:00.248 [Thread-8] INFO  uk.co.streefland.rhys.finalyearproject.core.Server -    Local netId: null
2017-01-11 19:15:00.248 [Thread-8] INFO  uk.co.streefland.rhys.finalyearproject.core.Server -   Remote netId: A47E1A5B277119EC28D8214642333968F4702292
2017-01-11 19:15:00.248 [Thread-8] INFO  uk.co.streefland.rhys.finalyearproject.core.Server - Discarding message from node that isn't part of this network
2017-01-11 19:15:00.248 [Thread-8] INFO  uk.co.streefland.rhys.finalyearproject.core.Server -    Local netId: null
2017-01-11 19:15:00.248 [Thread-8] INFO  uk.co.streefland.rhys.finalyearproject.core.Server -   Remote netId: A47E1A5B277119EC28D8214642333968F4702292
2017-01-11 19:15:00.248 [Thread-8] INFO  uk.co.streefland.rhys.finalyearproject.core.Server - Discarding message from node that isn't part of this network
2017-01-11 19:15:00.248 [Thread-8] INFO  uk.co.streefland.rhys.finalyearproject.core.Server -    Local netId: null
2017-01-11 19:15:00.249 [Thread-8] INFO  uk.co.streefland.rhys.finalyearproject.core.Server -   Remote netId: A47E1A5B277119EC28D8214642333968F4702292
2017-01-11 19:15:00.249 [Thread-8] INFO  uk.co.streefland.rhys.finalyearproject.core.Server - Discarding message from node that isn't part of this network
2017-01-11 19:15:00.249 [Thread-8] INFO  uk.co.streefland.rhys.finalyearproject.core.Server -    Local netId: null
2017-01-11 19:15:00.249 [Thread-8] INFO  uk.co.streefland.rhys.finalyearproject.core.Server -   Remote netId: A47E1A5B277119EC28D8214642333968F4702292
2017-01-11 19:15:00.249 [Thread-8] INFO  uk.co.streefland.rhys.finalyearproject.core.Server - Discarding message from node that isn't part of this network
2017-01-11 19:15:00.249 [Thread-8] INFO  uk.co.streefland.rhys.finalyearproject.core.Server -    Local netId: null
2017-01-11 19:15:00.249 [Thread-8] INFO  uk.co.streefland.rhys.finalyearproject.core.Server -   Remote netId: A47E1A5B277119EC28D8214642333968F4702292
2017-01-11 19:15:00.249 [Thread-8] INFO  uk.co.streefland.rhys.finalyearproject.core.Server - Discarding message from node that isn't part of this network
2017-01-11 19:15:00.249 [Thread-8] INFO  uk.co.streefland.rhys.finalyearproject.core.Server -    Local netId: null
2017-01-11 19:15:00.250 [Thread-8] INFO  uk.co.streefland.rhys.finalyearproject.core.Server -   Remote netId: A47E1A5B277119EC28D8214642333968F4702292
2017-01-11 19:15:00.250 [Thread-8] INFO  uk.co.streefland.rhys.finalyearproject.core.Server - Discarding message from node that isn't part of this network
2017-01-11 19:15:00.250 [Thread-8] INFO  uk.co.streefland.rhys.finalyearproject.core.Server -    Local netId: null
2017-01-11 19:15:00.250 [Thread-8] INFO  uk.co.streefland.rhys.finalyearproject.core.Server -   Remote netId: A47E1A5B277119EC28D8214642333968F4702292
2017-01-11 19:15:00.250 [Thread-8] INFO  uk.co.streefland.rhys.finalyearproject.core.Server - Discarding message from node that isn't part of this network
2017-01-11 19:15:00.250 [Thread-8] INFO  uk.co.streefland.rhys.finalyearproject.core.Server -    Local netId: null
2017-01-11 19:15:00.250 [Thread-8] INFO  uk.co.streefland.rhys.finalyearproject.core.Server -   Remote netId: A47E1A5B277119EC28D8214642333968F4702292
2017-01-11 19:15:00.250 [Thread-8] INFO  uk.co.streefland.rhys.finalyearproject.core.Server - Discarding message from node that isn't part of this network
2017-01-11 19:15:00.250 [Thread-8] INFO  uk.co.streefland.rhys.finalyearproject.core.Server -    Local netId: null
2017-01-11 19:15:00.251 [Thread-8] INFO  uk.co.streefland.rhys.finalyearproject.core.Server -   Remote netId: A47E1A5B277119EC28D8214642333968F4702292
2017-01-11 19:15:00.251 [Thread-8] INFO  uk.co.streefland.rhys.finalyearproject.core.Server - Discarding message from node that isn't part of this network
2017-01-11 19:15:00.251 [Thread-8] INFO  uk.co.streefland.rhys.finalyearproject.core.Server -    Local netId: null
2017-01-11 19:15:00.251 [Thread-8] INFO  uk.co.streefland.rhys.finalyearproject.core.Server -   Remote netId: A47E1A5B277119EC28D8214642333968F4702292
2017-01-11 19:15:00.251 [Thread-8] INFO  uk.co.streefland.rhys.finalyearproject.core.Server - Discarding message from node that isn't part of this network
2017-01-11 19:15:00.251 [Thread-8] INFO  uk.co.streefland.rhys.finalyearproject.core.Server -    Local netId: null
2017-01-11 19:15:00.251 [Thread-8] INFO  uk.co.streefland.rhys.finalyearproject.core.Server -   Remote netId: A47E1A5B277119EC28D8214642333968F4702292
2017-01-11 19:15:00.251 [Thread-8] INFO  uk.co.streefland.rhys.finalyearproject.core.Server - Discarding message from node that isn't part of this network
2017-01-11 19:15:00.251 [Thread-8] INFO  uk.co.streefland.rhys.finalyearproject.core.Server -    Local netId: null
2017-01-11 19:15:00.252 [Thread-8] INFO  uk.co.streefland.rhys.finalyearproject.core.Server -   Remote netId: A47E1A5B277119EC28D8214642333968F4702292
2017-01-11 19:15:00.252 [Thread-8] INFO  uk.co.streefland.rhys.finalyearproject.core.Server - Discarding message from node that isn't part of this network
2017-01-11 19:15:00.252 [Thread-8] INFO  uk.co.streefland.rhys.finalyearproject.core.Server -    Local netId: null
2017-01-11 19:15:00.252 [Thread-8] INFO  uk.co.streefland.rhys.finalyearproject.core.Server -   Remote netId: A47E1A5B277119EC28D8214642333968F4702292
2017-01-11 19:15:00.252 [Thread-8] INFO  uk.co.streefland.rhys.finalyearproject.core.Server - Discarding message from node that isn't part of this network
2017-01-11 19:15:00.252 [Thread-8] INFO  uk.co.streefland.rhys.finalyearproject.core.Server -    Local netId: null
2017-01-11 19:15:00.252 [Thread-8] INFO  uk.co.streefland.rhys.finalyearproject.core.Server -   Remote netId: A47E1A5B277119EC28D8214642333968F4702292
2017-01-11 19:15:00.252 [Thread-8] INFO  uk.co.streefland.rhys.finalyearproject.core.Server - Discarding message from node that isn't part of this network
2017-01-11 19:15:00.252 [Thread-8] INFO  uk.co.streefland.rhys.finalyearproject.core.Server -    Local netId: null
2017-01-11 19:15:00.252 [Thread-8] INFO  uk.co.streefland.rhys.finalyearproject.core.Server -   Remote netId: A47E1A5B277119EC28D8214642333968F4702292
2017-01-11 19:15:00.253 [Thread-8] INFO  uk.co.streefland.rhys.finalyearproject.core.Server - Discarding message from node that isn't part of this network
2017-01-11 19:15:00.253 [Thread-8] INFO  uk.co.streefland.rhys.finalyearproject.core.Server -    Local netId: null
2017-01-11 19:15:00.253 [Thread-8] INFO  uk.co.streefland.rhys.finalyearproject.core.Server -   Remote netId: A47E1A5B277119EC28D8214642333968F4702292
2017-01-11 19:15:00.253 [Thread-8] INFO  uk.co.streefland.rhys.finalyearproject.core.Server - Discarding message from node that isn't part of this network
2017-01-11 19:15:00.253 [Thread-8] INFO  uk.co.streefland.rhys.finalyearproject.core.Server -    Local netId: null
2017-01-11 19:15:00.253 [Thread-8] INFO  uk.co.streefland.rhys.finalyearproject.core.Server -   Remote netId: A47E1A5B277119EC28D8214642333968F4702292
