2016-10-25 21:34:39.662 [Thread-5] INFO  uk.co.streefland.rhys.finalyearproject.core.LocalNode - FinalYearProject build 344
2016-10-25 21:34:39.665 [Thread-5] INFO  uk.co.streefland.rhys.finalyearproject.core.LocalNode - Saved state not found
2016-10-25 21:34:39.674 [Thread-5] INFO  uk.co.streefland.rhys.finalyearproject.core.Server - Starting server
2016-10-25 21:34:39.675 [Thread-8] INFO  uk.co.streefland.rhys.finalyearproject.core.Server - Server is listening on port 12345
2016-10-25 21:34:41.866 [Thread-10] DEBUG uk.co.streefland.rhys.finalyearproject.core.User - Hashing password took 143 ms
2016-10-25 21:34:47.688 [Thread-8] DEBUG uk.co.streefland.rhys.finalyearproject.core.Server - No receiver exists, creating one using code 3
2016-10-25 21:34:47.690 [Thread-8] DEBUG uk.co.streefland.rhys.finalyearproject.core.Server - No receiver exists, creating one using code 3
2016-10-25 21:34:47.691 [Thread-8] DEBUG uk.co.streefland.rhys.finalyearproject.core.Server - No receiver exists, creating one using code 3
2016-10-25 21:34:47.692 [Thread-8] DEBUG uk.co.streefland.rhys.finalyearproject.core.Server - No receiver exists, creating one using code 3
2016-10-25 21:34:47.693 [Thread-8] DEBUG uk.co.streefland.rhys.finalyearproject.core.Server - No receiver exists, creating one using code 3
2016-10-25 21:34:47.694 [Thread-8] DEBUG uk.co.streefland.rhys.finalyearproject.core.Server - No receiver exists, creating one using code 3
2016-10-25 21:34:47.694 [Thread-8] DEBUG uk.co.streefland.rhys.finalyearproject.core.Server - No receiver exists, creating one using code 3
2016-10-25 21:34:47.695 [Thread-8] DEBUG uk.co.streefland.rhys.finalyearproject.core.Server - No receiver exists, creating one using code 3
2016-10-25 21:34:47.696 [Thread-8] DEBUG uk.co.streefland.rhys.finalyearproject.core.Server - No receiver exists, creating one using code 3
2016-10-25 21:34:47.696 [Thread-8] DEBUG uk.co.streefland.rhys.finalyearproject.core.Server - No receiver exists, creating one using code 3
2016-10-25 21:34:47.696 [Thread-8] DEBUG uk.co.streefland.rhys.finalyearproject.core.Server - No receiver exists, creating one using code 3
2016-10-25 21:34:47.697 [Thread-8] DEBUG uk.co.streefland.rhys.finalyearproject.core.Server - No receiver exists, creating one using code 3
2016-10-25 21:34:47.697 [Thread-8] DEBUG uk.co.streefland.rhys.finalyearproject.core.Server - No receiver exists, creating one using code 3
2016-10-25 21:34:47.697 [Thread-8] DEBUG uk.co.streefland.rhys.finalyearproject.core.Server - No receiver exists, creating one using code 3
2016-10-25 21:34:47.698 [Thread-8] DEBUG uk.co.streefland.rhys.finalyearproject.core.Server - No receiver exists, creating one using code 3
2016-10-25 21:34:47.698 [Thread-8] DEBUG uk.co.streefland.rhys.finalyearproject.core.Server - No receiver exists, creating one using code 3
2016-10-25 21:34:47.698 [Thread-8] DEBUG uk.co.streefland.rhys.finalyearproject.core.Server - No receiver exists, creating one using code 3
2016-10-25 21:34:47.698 [Thread-8] DEBUG uk.co.streefland.rhys.finalyearproject.core.Server - No receiver exists, creating one using code 3
2016-10-25 21:34:47.699 [Thread-8] DEBUG uk.co.streefland.rhys.finalyearproject.core.Server - No receiver exists, creating one using code 3
2016-10-25 21:34:47.699 [Thread-8] DEBUG uk.co.streefland.rhys.finalyearproject.core.Server - No receiver exists, creating one using code 3
2016-10-25 21:34:47.699 [Thread-8] DEBUG uk.co.streefland.rhys.finalyearproject.core.Server - No receiver exists, creating one using code 3
2016-10-25 21:34:47.700 [Thread-8] DEBUG uk.co.streefland.rhys.finalyearproject.core.Server - No receiver exists, creating one using code 3
2016-10-25 21:34:47.700 [Thread-8] DEBUG uk.co.streefland.rhys.finalyearproject.core.Server - No receiver exists, creating one using code 3
2016-10-25 21:34:47.700 [Thread-8] DEBUG uk.co.streefland.rhys.finalyearproject.core.Server - No receiver exists, creating one using code 3
2016-10-25 21:34:47.700 [Thread-8] DEBUG uk.co.streefland.rhys.finalyearproject.core.Server - No receiver exists, creating one using code 3
2016-10-25 21:34:47.701 [Thread-8] DEBUG uk.co.streefland.rhys.finalyearproject.core.Server - No receiver exists, creating one using code 3
2016-10-25 21:34:47.701 [Thread-8] DEBUG uk.co.streefland.rhys.finalyearproject.core.Server - No receiver exists, creating one using code 3
2016-10-25 21:34:47.701 [Thread-8] DEBUG uk.co.streefland.rhys.finalyearproject.core.Server - No receiver exists, creating one using code 3
2016-10-25 21:34:47.702 [Thread-8] DEBUG uk.co.streefland.rhys.finalyearproject.core.Server - No receiver exists, creating one using code 3
2016-10-25 21:34:47.702 [Thread-8] DEBUG uk.co.streefland.rhys.finalyearproject.core.Server - No receiver exists, creating one using code 3
2016-10-25 21:34:47.702 [Thread-8] DEBUG uk.co.streefland.rhys.finalyearproject.core.Server - No receiver exists, creating one using code 3
2016-10-25 21:34:47.703 [Thread-8] DEBUG uk.co.streefland.rhys.finalyearproject.core.Server - No receiver exists, creating one using code 3
2016-10-25 21:34:47.703 [Thread-8] DEBUG uk.co.streefland.rhys.finalyearproject.core.Server - No receiver exists, creating one using code 3
2016-10-25 21:34:47.703 [Thread-8] DEBUG uk.co.streefland.rhys.finalyearproject.core.Server - No receiver exists, creating one using code 3
2016-10-25 21:34:47.704 [Thread-8] DEBUG uk.co.streefland.rhys.finalyearproject.core.Server - No receiver exists, creating one using code 3
2016-10-25 21:34:47.704 [Thread-8] DEBUG uk.co.streefland.rhys.finalyearproject.core.Server - No receiver exists, creating one using code 3
2016-10-25 21:34:47.704 [Thread-8] DEBUG uk.co.streefland.rhys.finalyearproject.core.Server - No receiver exists, creating one using code 3
2016-10-25 21:34:47.705 [Thread-8] DEBUG uk.co.streefland.rhys.finalyearproject.core.Server - No receiver exists, creating one using code 3
2016-10-25 21:34:47.705 [Thread-8] DEBUG uk.co.streefland.rhys.finalyearproject.core.Server - No receiver exists, creating one using code 3
2016-10-25 21:34:47.705 [Thread-8] DEBUG uk.co.streefland.rhys.finalyearproject.core.Server - No receiver exists, creating one using code 3
2016-10-25 21:34:47.705 [Thread-8] DEBUG uk.co.streefland.rhys.finalyearproject.core.Server - No receiver exists, creating one using code 3
2016-10-25 21:34:47.706 [Thread-8] DEBUG uk.co.streefland.rhys.finalyearproject.core.Server - No receiver exists, creating one using code 3
2016-10-25 21:34:47.706 [Thread-8] DEBUG uk.co.streefland.rhys.finalyearproject.core.Server - No receiver exists, creating one using code 3
2016-10-25 21:34:47.706 [Thread-8] DEBUG uk.co.streefland.rhys.finalyearproject.core.Server - No receiver exists, creating one using code 3
2016-10-25 21:34:47.707 [Thread-8] DEBUG uk.co.streefland.rhys.finalyearproject.core.Server - No receiver exists, creating one using code 3
2016-10-25 21:34:47.707 [Thread-8] DEBUG uk.co.streefland.rhys.finalyearproject.core.Server - No receiver exists, creating one using code 3
2016-10-25 21:34:47.707 [Thread-8] DEBUG uk.co.streefland.rhys.finalyearproject.core.Server - No receiver exists, creating one using code 3
2016-10-25 21:34:47.707 [Thread-8] DEBUG uk.co.streefland.rhys.finalyearproject.core.Server - No receiver exists, creating one using code 3
2016-10-25 21:34:47.708 [Thread-8] DEBUG uk.co.streefland.rhys.finalyearproject.core.Server - No receiver exists, creating one using code 3
2016-10-25 21:34:47.708 [Thread-8] DEBUG uk.co.streefland.rhys.finalyearproject.core.Server - No receiver exists, creating one using code 3
2016-10-25 21:34:47.708 [Thread-8] DEBUG uk.co.streefland.rhys.finalyearproject.core.Server - No receiver exists, creating one using code 3
2016-10-25 21:34:47.708 [Thread-8] DEBUG uk.co.streefland.rhys.finalyearproject.core.Server - No receiver exists, creating one using code 3
2016-10-25 21:34:47.709 [Thread-8] DEBUG uk.co.streefland.rhys.finalyearproject.core.Server - No receiver exists, creating one using code 3
2016-10-25 21:34:47.709 [Thread-8] DEBUG uk.co.streefland.rhys.finalyearproject.core.Server - No receiver exists, creating one using code 3
2016-10-25 21:34:47.709 [Thread-8] DEBUG uk.co.streefland.rhys.finalyearproject.core.Server - No receiver exists, creating one using code 3
2016-10-25 21:34:47.710 [Thread-8] DEBUG uk.co.streefland.rhys.finalyearproject.core.Server - No receiver exists, creating one using code 3
2016-10-25 21:34:47.710 [Thread-8] DEBUG uk.co.streefland.rhys.finalyearproject.core.Server - No receiver exists, creating one using code 3
2016-10-25 21:34:47.710 [Thread-8] DEBUG uk.co.streefland.rhys.finalyearproject.core.Server - No receiver exists, creating one using code 3
2016-10-25 21:34:47.711 [Thread-8] DEBUG uk.co.streefland.rhys.finalyearproject.core.Server - No receiver exists, creating one using code 3
2016-10-25 21:34:47.711 [Thread-8] DEBUG uk.co.streefland.rhys.finalyearproject.core.Server - No receiver exists, creating one using code 3
2016-10-25 21:34:47.711 [Thread-8] DEBUG uk.co.streefland.rhys.finalyearproject.core.Server - No receiver exists, creating one using code 3
2016-10-25 21:34:47.711 [Thread-8] DEBUG uk.co.streefland.rhys.finalyearproject.core.Server - No receiver exists, creating one using code 3
2016-10-25 21:34:47.712 [Thread-8] DEBUG uk.co.streefland.rhys.finalyearproject.core.Server - No receiver exists, creating one using code 3
2016-10-25 21:34:47.712 [Thread-8] DEBUG uk.co.streefland.rhys.finalyearproject.core.Server - No receiver exists, creating one using code 3
2016-10-25 21:34:47.712 [Thread-8] DEBUG uk.co.streefland.rhys.finalyearproject.core.Server - No receiver exists, creating one using code 3
2016-10-25 21:34:47.713 [Thread-8] DEBUG uk.co.streefland.rhys.finalyearproject.core.Server - No receiver exists, creating one using code 3
2016-10-25 21:34:47.713 [Thread-8] DEBUG uk.co.streefland.rhys.finalyearproject.core.Server - No receiver exists, creating one using code 3
2016-10-25 21:34:47.713 [Thread-8] DEBUG uk.co.streefland.rhys.finalyearproject.core.Server - No receiver exists, creating one using code 3
2016-10-25 21:34:47.713 [Thread-8] DEBUG uk.co.streefland.rhys.finalyearproject.core.Server - No receiver exists, creating one using code 3
2016-10-25 21:34:47.714 [Thread-8] DEBUG uk.co.streefland.rhys.finalyearproject.core.Server - No receiver exists, creating one using code 3
2016-10-25 21:34:47.714 [Thread-8] DEBUG uk.co.streefland.rhys.finalyearproject.core.Server - No receiver exists, creating one using code 3
2016-10-25 21:34:47.714 [Thread-8] DEBUG uk.co.streefland.rhys.finalyearproject.core.Server - No receiver exists, creating one using code 3
2016-10-25 21:34:47.714 [Thread-8] DEBUG uk.co.streefland.rhys.finalyearproject.core.Server - No receiver exists, creating one using code 3
2016-10-25 21:34:47.715 [Thread-8] DEBUG uk.co.streefland.rhys.finalyearproject.core.Server - No receiver exists, creating one using code 3
2016-10-25 21:34:47.715 [Thread-8] DEBUG uk.co.streefland.rhys.finalyearproject.core.Server - No receiver exists, creating one using code 3
2016-10-25 21:34:47.715 [Thread-8] DEBUG uk.co.streefland.rhys.finalyearproject.core.Server - No receiver exists, creating one using code 3
2016-10-25 21:34:47.715 [Thread-8] DEBUG uk.co.streefland.rhys.finalyearproject.core.Server - No receiver exists, creating one using code 3
2016-10-25 21:34:47.716 [Thread-8] DEBUG uk.co.streefland.rhys.finalyearproject.core.Server - No receiver exists, creating one using code 3
2016-10-25 21:34:47.716 [Thread-8] DEBUG uk.co.streefland.rhys.finalyearproject.core.Server - No receiver exists, creating one using code 3
2016-10-25 21:34:47.716 [Thread-8] DEBUG uk.co.streefland.rhys.finalyearproject.core.Server - No receiver exists, creating one using code 3
2016-10-25 21:34:47.716 [Thread-8] DEBUG uk.co.streefland.rhys.finalyearproject.core.Server - No receiver exists, creating one using code 3
2016-10-25 21:34:47.717 [Thread-8] DEBUG uk.co.streefland.rhys.finalyearproject.core.Server - No receiver exists, creating one using code 3
2016-10-25 21:34:47.717 [Thread-8] DEBUG uk.co.streefland.rhys.finalyearproject.core.Server - No receiver exists, creating one using code 3
2016-10-25 21:34:47.717 [Thread-8] DEBUG uk.co.streefland.rhys.finalyearproject.core.Server - No receiver exists, creating one using code 3
2016-10-25 21:34:47.717 [Thread-8] DEBUG uk.co.streefland.rhys.finalyearproject.core.Server - No receiver exists, creating one using code 3
2016-10-25 21:34:47.718 [Thread-8] DEBUG uk.co.streefland.rhys.finalyearproject.core.Server - No receiver exists, creating one using code 3
2016-10-25 21:34:47.718 [Thread-8] DEBUG uk.co.streefland.rhys.finalyearproject.core.Server - No receiver exists, creating one using code 3
2016-10-25 21:34:47.718 [Thread-8] DEBUG uk.co.streefland.rhys.finalyearproject.core.Server - No receiver exists, creating one using code 3
2016-10-25 21:34:47.719 [Thread-8] DEBUG uk.co.streefland.rhys.finalyearproject.core.Server - No receiver exists, creating one using code 3
2016-10-25 21:34:47.719 [Thread-8] DEBUG uk.co.streefland.rhys.finalyearproject.core.Server - No receiver exists, creating one using code 3
2016-10-25 21:34:47.719 [Thread-8] DEBUG uk.co.streefland.rhys.finalyearproject.core.Server - No receiver exists, creating one using code 3
2016-10-25 21:34:47.719 [Thread-8] DEBUG uk.co.streefland.rhys.finalyearproject.core.Server - No receiver exists, creating one using code 3
2016-10-25 21:34:47.720 [Thread-8] DEBUG uk.co.streefland.rhys.finalyearproject.core.Server - No receiver exists, creating one using code 3
2016-10-25 21:34:47.720 [Thread-8] DEBUG uk.co.streefland.rhys.finalyearproject.core.Server - No receiver exists, creating one using code 3
2016-10-25 21:34:47.720 [Thread-8] DEBUG uk.co.streefland.rhys.finalyearproject.core.Server - No receiver exists, creating one using code 3
2016-10-25 21:34:47.720 [Thread-8] DEBUG uk.co.streefland.rhys.finalyearproject.core.Server - No receiver exists, creating one using code 3
2016-10-25 21:34:47.721 [Thread-8] DEBUG uk.co.streefland.rhys.finalyearproject.core.Server - No receiver exists, creating one using code 3
2016-10-25 21:34:47.721 [Thread-8] DEBUG uk.co.streefland.rhys.finalyearproject.core.Server - No receiver exists, creating one using code 3
2016-10-25 21:34:47.721 [Thread-8] DEBUG uk.co.streefland.rhys.finalyearproject.core.Server - No receiver exists, creating one using code 3
2016-10-25 21:34:47.721 [Thread-8] DEBUG uk.co.streefland.rhys.finalyearproject.core.Server - No receiver exists, creating one using code 3
2016-10-25 21:34:47.722 [Thread-8] DEBUG uk.co.streefland.rhys.finalyearproject.core.Server - No receiver exists, creating one using code 3
2016-10-25 21:34:47.722 [Thread-8] DEBUG uk.co.streefland.rhys.finalyearproject.core.Server - No receiver exists, creating one using code 3
2016-10-25 21:34:47.722 [Thread-8] DEBUG uk.co.streefland.rhys.finalyearproject.core.Server - No receiver exists, creating one using code 3
2016-10-25 21:34:47.722 [Thread-8] DEBUG uk.co.streefland.rhys.finalyearproject.core.Server - No receiver exists, creating one using code 3
2016-10-25 21:34:47.723 [Thread-8] DEBUG uk.co.streefland.rhys.finalyearproject.core.Server - No receiver exists, creating one using code 3
2016-10-25 21:34:47.723 [Thread-8] DEBUG uk.co.streefland.rhys.finalyearproject.core.Server - No receiver exists, creating one using code 3
2016-10-25 21:34:47.723 [Thread-8] DEBUG uk.co.streefland.rhys.finalyearproject.core.Server - No receiver exists, creating one using code 3
2016-10-25 21:34:47.723 [Thread-8] DEBUG uk.co.streefland.rhys.finalyearproject.core.Server - No receiver exists, creating one using code 3
2016-10-25 21:34:47.724 [Thread-8] DEBUG uk.co.streefland.rhys.finalyearproject.core.Server - No receiver exists, creating one using code 3
2016-10-25 21:34:47.724 [Thread-8] DEBUG uk.co.streefland.rhys.finalyearproject.core.Server - No receiver exists, creating one using code 3
2016-10-25 21:34:47.724 [Thread-8] DEBUG uk.co.streefland.rhys.finalyearproject.core.Server - No receiver exists, creating one using code 3
2016-10-25 21:34:47.724 [Thread-8] DEBUG uk.co.streefland.rhys.finalyearproject.core.Server - No receiver exists, creating one using code 3
2016-10-25 21:34:47.725 [Thread-8] DEBUG uk.co.streefland.rhys.finalyearproject.core.Server - No receiver exists, creating one using code 3
2016-10-25 21:34:47.725 [Thread-8] DEBUG uk.co.streefland.rhys.finalyearproject.core.Server - No receiver exists, creating one using code 3
2016-10-25 21:34:47.725 [Thread-8] DEBUG uk.co.streefland.rhys.finalyearproject.core.Server - No receiver exists, creating one using code 3
2016-10-25 21:34:47.725 [Thread-8] DEBUG uk.co.streefland.rhys.finalyearproject.core.Server - No receiver exists, creating one using code 3
2016-10-25 21:34:47.726 [Thread-8] DEBUG uk.co.streefland.rhys.finalyearproject.core.Server - No receiver exists, creating one using code 3
2016-10-25 21:34:47.726 [Thread-8] DEBUG uk.co.streefland.rhys.finalyearproject.core.Server - No receiver exists, creating one using code 3
2016-10-25 21:34:47.726 [Thread-8] DEBUG uk.co.streefland.rhys.finalyearproject.core.Server - No receiver exists, creating one using code 3
2016-10-25 21:34:47.726 [Thread-8] DEBUG uk.co.streefland.rhys.finalyearproject.core.Server - No receiver exists, creating one using code 3
2016-10-25 21:34:47.727 [Thread-8] DEBUG uk.co.streefland.rhys.finalyearproject.core.Server - No receiver exists, creating one using code 3
2016-10-25 21:34:47.727 [Thread-8] DEBUG uk.co.streefland.rhys.finalyearproject.core.Server - No receiver exists, creating one using code 3
2016-10-25 21:34:47.727 [Thread-8] DEBUG uk.co.streefland.rhys.finalyearproject.core.Server - No receiver exists, creating one using code 3
2016-10-25 21:34:47.728 [Thread-8] DEBUG uk.co.streefland.rhys.finalyearproject.core.Server - No receiver exists, creating one using code 3
2016-10-25 21:34:47.728 [Thread-8] DEBUG uk.co.streefland.rhys.finalyearproject.core.Server - No receiver exists, creating one using code 3
2016-10-25 21:34:47.728 [Thread-8] DEBUG uk.co.streefland.rhys.finalyearproject.core.Server - No receiver exists, creating one using code 3
2016-10-25 21:34:47.728 [Thread-8] DEBUG uk.co.streefland.rhys.finalyearproject.core.Server - No receiver exists, creating one using code 3
2016-10-25 21:34:47.729 [Thread-8] DEBUG uk.co.streefland.rhys.finalyearproject.core.Server - No receiver exists, creating one using code 3
2016-10-25 21:34:47.729 [Thread-8] DEBUG uk.co.streefland.rhys.finalyearproject.core.Server - No receiver exists, creating one using code 3
2016-10-25 21:34:47.729 [Thread-8] DEBUG uk.co.streefland.rhys.finalyearproject.core.Server - No receiver exists, creating one using code 3
2016-10-25 21:34:47.729 [Thread-8] DEBUG uk.co.streefland.rhys.finalyearproject.core.Server - No receiver exists, creating one using code 3
2016-10-25 21:34:47.730 [Thread-8] DEBUG uk.co.streefland.rhys.finalyearproject.core.Server - No receiver exists, creating one using code 3
2016-10-25 21:34:47.730 [Thread-8] DEBUG uk.co.streefland.rhys.finalyearproject.core.Server - No receiver exists, creating one using code 3
2016-10-25 21:34:47.730 [Thread-8] DEBUG uk.co.streefland.rhys.finalyearproject.core.Server - No receiver exists, creating one using code 3
2016-10-25 21:34:47.730 [Thread-8] DEBUG uk.co.streefland.rhys.finalyearproject.core.Server - No receiver exists, creating one using code 3
2016-10-25 21:34:47.730 [Thread-8] DEBUG uk.co.streefland.rhys.finalyearproject.core.Server - No receiver exists, creating one using code 3
2016-10-25 21:34:47.731 [Thread-8] DEBUG uk.co.streefland.rhys.finalyearproject.core.Server - No receiver exists, creating one using code 3
2016-10-25 21:34:47.731 [Thread-8] DEBUG uk.co.streefland.rhys.finalyearproject.core.Server - No receiver exists, creating one using code 3
2016-10-25 21:34:47.731 [Thread-8] DEBUG uk.co.streefland.rhys.finalyearproject.core.Server - No receiver exists, creating one using code 3
2016-10-25 21:34:47.731 [Thread-8] DEBUG uk.co.streefland.rhys.finalyearproject.core.Server - No receiver exists, creating one using code 3
2016-10-25 21:34:47.732 [Thread-8] DEBUG uk.co.streefland.rhys.finalyearproject.core.Server - No receiver exists, creating one using code 3
2016-10-25 21:34:47.732 [Thread-8] DEBUG uk.co.streefland.rhys.finalyearproject.core.Server - No receiver exists, creating one using code 3
2016-10-25 21:34:47.732 [Thread-8] DEBUG uk.co.streefland.rhys.finalyearproject.core.Server - No receiver exists, creating one using code 3
2016-10-25 21:34:47.732 [Thread-8] DEBUG uk.co.streefland.rhys.finalyearproject.core.Server - No receiver exists, creating one using code 3
2016-10-25 21:34:47.733 [Thread-8] DEBUG uk.co.streefland.rhys.finalyearproject.core.Server - No receiver exists, creating one using code 3
2016-10-25 21:34:47.733 [Thread-8] DEBUG uk.co.streefland.rhys.finalyearproject.core.Server - No receiver exists, creating one using code 3
2016-10-25 21:34:47.733 [Thread-8] DEBUG uk.co.streefland.rhys.finalyearproject.core.Server - No receiver exists, creating one using code 3
2016-10-25 21:34:47.733 [Thread-8] DEBUG uk.co.streefland.rhys.finalyearproject.core.Server - No receiver exists, creating one using code 3
2016-10-25 21:34:47.733 [Thread-8] DEBUG uk.co.streefland.rhys.finalyearproject.core.Server - No receiver exists, creating one using code 3
2016-10-25 21:34:47.734 [Thread-8] DEBUG uk.co.streefland.rhys.finalyearproject.core.Server - No receiver exists, creating one using code 3
2016-10-25 21:34:47.734 [Thread-8] DEBUG uk.co.streefland.rhys.finalyearproject.core.Server - No receiver exists, creating one using code 3
2016-10-25 21:34:47.734 [Thread-8] DEBUG uk.co.streefland.rhys.finalyearproject.core.Server - No receiver exists, creating one using code 3
2016-10-25 21:34:47.734 [Thread-8] DEBUG uk.co.streefland.rhys.finalyearproject.core.Server - No receiver exists, creating one using code 3
2016-10-25 21:34:47.734 [Thread-8] DEBUG uk.co.streefland.rhys.finalyearproject.core.Server - No receiver exists, creating one using code 3
2016-10-25 21:34:47.735 [Thread-8] DEBUG uk.co.streefland.rhys.finalyearproject.core.Server - No receiver exists, creating one using code 3
2016-10-25 21:34:47.735 [Thread-8] DEBUG uk.co.streefland.rhys.finalyearproject.core.Server - No receiver exists, creating one using code 3
2016-10-25 21:34:47.735 [Thread-8] DEBUG uk.co.streefland.rhys.finalyearproject.core.Server - No receiver exists, creating one using code 3
2016-10-25 21:34:47.735 [Thread-8] DEBUG uk.co.streefland.rhys.finalyearproject.core.Server - No receiver exists, creating one using code 3
2016-10-25 21:34:47.735 [Thread-8] DEBUG uk.co.streefland.rhys.finalyearproject.core.Server - No receiver exists, creating one using code 3
2016-10-25 21:34:47.736 [Thread-8] DEBUG uk.co.streefland.rhys.finalyearproject.core.Server - No receiver exists, creating one using code 3
2016-10-25 21:34:47.736 [Thread-8] DEBUG uk.co.streefland.rhys.finalyearproject.core.Server - No receiver exists, creating one using code 3
2016-10-25 21:34:47.736 [Thread-8] DEBUG uk.co.streefland.rhys.finalyearproject.core.Server - No receiver exists, creating one using code 3
2016-10-25 21:34:47.736 [Thread-8] DEBUG uk.co.streefland.rhys.finalyearproject.core.Server - No receiver exists, creating one using code 3
2016-10-25 21:34:47.736 [Thread-8] DEBUG uk.co.streefland.rhys.finalyearproject.core.Server - No receiver exists, creating one using code 3
2016-10-25 21:34:47.737 [Thread-8] DEBUG uk.co.streefland.rhys.finalyearproject.core.Server - No receiver exists, creating one using code 3
2016-10-25 21:34:47.737 [Thread-8] DEBUG uk.co.streefland.rhys.finalyearproject.core.Server - No receiver exists, creating one using code 3
2016-10-25 21:34:47.737 [Thread-8] DEBUG uk.co.streefland.rhys.finalyearproject.core.Server - No receiver exists, creating one using code 3
2016-10-25 21:34:47.737 [Thread-8] DEBUG uk.co.streefland.rhys.finalyearproject.core.Server - No receiver exists, creating one using code 3
2016-10-25 21:34:47.738 [Thread-8] DEBUG uk.co.streefland.rhys.finalyearproject.core.Server - No receiver exists, creating one using code 3
2016-10-25 21:34:47.738 [Thread-8] DEBUG uk.co.streefland.rhys.finalyearproject.core.Server - No receiver exists, creating one using code 3
2016-10-25 21:34:47.738 [Thread-8] DEBUG uk.co.streefland.rhys.finalyearproject.core.Server - No receiver exists, creating one using code 3
2016-10-25 21:34:47.738 [Thread-8] DEBUG uk.co.streefland.rhys.finalyearproject.core.Server - No receiver exists, creating one using code 3
2016-10-25 21:34:47.738 [Thread-8] DEBUG uk.co.streefland.rhys.finalyearproject.core.Server - No receiver exists, creating one using code 3
2016-10-25 21:34:47.738 [Thread-8] DEBUG uk.co.streefland.rhys.finalyearproject.core.Server - No receiver exists, creating one using code 3
2016-10-25 21:34:47.739 [Thread-8] DEBUG uk.co.streefland.rhys.finalyearproject.core.Server - No receiver exists, creating one using code 3
2016-10-25 21:34:47.739 [Thread-8] DEBUG uk.co.streefland.rhys.finalyearproject.core.Server - No receiver exists, creating one using code 3
2016-10-25 21:34:47.739 [Thread-8] DEBUG uk.co.streefland.rhys.finalyearproject.core.Server - No receiver exists, creating one using code 3
2016-10-25 21:34:47.739 [Thread-8] DEBUG uk.co.streefland.rhys.finalyearproject.core.Server - No receiver exists, creating one using code 3
2016-10-25 21:34:47.739 [Thread-8] DEBUG uk.co.streefland.rhys.finalyearproject.core.Server - No receiver exists, creating one using code 3
2016-10-25 21:34:47.739 [Thread-8] DEBUG uk.co.streefland.rhys.finalyearproject.core.Server - No receiver exists, creating one using code 3
2016-10-25 21:34:47.740 [Thread-8] DEBUG uk.co.streefland.rhys.finalyearproject.core.Server - No receiver exists, creating one using code 3
2016-10-25 21:34:47.740 [Thread-8] DEBUG uk.co.streefland.rhys.finalyearproject.core.Server - No receiver exists, creating one using code 3
2016-10-25 21:34:47.740 [Thread-8] DEBUG uk.co.streefland.rhys.finalyearproject.core.Server - No receiver exists, creating one using code 3
2016-10-25 21:34:47.740 [Thread-8] DEBUG uk.co.streefland.rhys.finalyearproject.core.Server - No receiver exists, creating one using code 3
2016-10-25 21:34:47.741 [Thread-8] DEBUG uk.co.streefland.rhys.finalyearproject.core.Server - No receiver exists, creating one using code 3
2016-10-25 21:34:47.741 [Thread-8] DEBUG uk.co.streefland.rhys.finalyearproject.core.Server - No receiver exists, creating one using code 3
2016-10-25 21:34:47.741 [Thread-8] DEBUG uk.co.streefland.rhys.finalyearproject.core.Server - No receiver exists, creating one using code 3
2016-10-25 21:34:47.741 [Thread-8] DEBUG uk.co.streefland.rhys.finalyearproject.core.Server - No receiver exists, creating one using code 3
2016-10-25 21:34:47.742 [Thread-8] DEBUG uk.co.streefland.rhys.finalyearproject.core.Server - No receiver exists, creating one using code 3
2016-10-25 21:34:47.742 [Thread-8] DEBUG uk.co.streefland.rhys.finalyearproject.core.Server - No receiver exists, creating one using code 3
2016-10-25 21:34:47.742 [Thread-8] DEBUG uk.co.streefland.rhys.finalyearproject.core.Server - No receiver exists, creating one using code 3
2016-10-25 21:34:47.742 [Thread-8] DEBUG uk.co.streefland.rhys.finalyearproject.core.Server - No receiver exists, creating one using code 3
2016-10-25 21:34:47.742 [Thread-8] DEBUG uk.co.streefland.rhys.finalyearproject.core.Server - No receiver exists, creating one using code 3
2016-10-25 21:34:47.743 [Thread-8] DEBUG uk.co.streefland.rhys.finalyearproject.core.Server - No receiver exists, creating one using code 3
2016-10-25 21:34:47.743 [Thread-8] DEBUG uk.co.streefland.rhys.finalyearproject.core.Server - No receiver exists, creating one using code 3
2016-10-25 21:34:47.743 [Thread-8] DEBUG uk.co.streefland.rhys.finalyearproject.core.Server - No receiver exists, creating one using code 3
2016-10-25 21:34:47.743 [Thread-8] DEBUG uk.co.streefland.rhys.finalyearproject.core.Server - No receiver exists, creating one using code 3
2016-10-25 21:34:47.744 [Thread-8] DEBUG uk.co.streefland.rhys.finalyearproject.core.Server - No receiver exists, creating one using code 3
2016-10-25 21:34:47.744 [Thread-8] DEBUG uk.co.streefland.rhys.finalyearproject.core.Server - No receiver exists, creating one using code 3
2016-10-25 21:34:47.744 [Thread-8] DEBUG uk.co.streefland.rhys.finalyearproject.core.Server - No receiver exists, creating one using code 3
2016-10-25 21:34:47.744 [Thread-8] DEBUG uk.co.streefland.rhys.finalyearproject.core.Server - No receiver exists, creating one using code 3
2016-10-25 21:34:47.745 [Thread-8] DEBUG uk.co.streefland.rhys.finalyearproject.core.Server - No receiver exists, creating one using code 3
2016-10-25 21:34:47.745 [Thread-8] DEBUG uk.co.streefland.rhys.finalyearproject.core.Server - No receiver exists, creating one using code 3
2016-10-25 21:34:47.745 [Thread-8] DEBUG uk.co.streefland.rhys.finalyearproject.core.Server - No receiver exists, creating one using code 3
2016-10-25 21:34:47.745 [Thread-8] DEBUG uk.co.streefland.rhys.finalyearproject.core.Server - No receiver exists, creating one using code 3
2016-10-25 21:34:47.746 [Thread-8] DEBUG uk.co.streefland.rhys.finalyearproject.core.Server - No receiver exists, creating one using code 3
2016-10-25 21:34:47.746 [Thread-8] DEBUG uk.co.streefland.rhys.finalyearproject.core.Server - No receiver exists, creating one using code 3
2016-10-25 21:34:47.746 [Thread-8] DEBUG uk.co.streefland.rhys.finalyearproject.core.Server - No receiver exists, creating one using code 3
2016-10-25 21:34:47.746 [Thread-8] DEBUG uk.co.streefland.rhys.finalyearproject.core.Server - No receiver exists, creating one using code 3
2016-10-25 21:34:47.746 [Thread-8] DEBUG uk.co.streefland.rhys.finalyearproject.core.Server - No receiver exists, creating one using code 3
2016-10-25 21:34:47.746 [Thread-8] DEBUG uk.co.streefland.rhys.finalyearproject.core.Server - No receiver exists, creating one using code 3
2016-10-25 21:34:47.747 [Thread-8] DEBUG uk.co.streefland.rhys.finalyearproject.core.Server - No receiver exists, creating one using code 3
2016-10-25 21:34:47.747 [Thread-8] DEBUG uk.co.streefland.rhys.finalyearproject.core.Server - No receiver exists, creating one using code 3
2016-10-25 21:34:47.747 [Thread-8] DEBUG uk.co.streefland.rhys.finalyearproject.core.Server - No receiver exists, creating one using code 3
2016-10-25 21:34:47.747 [Thread-8] DEBUG uk.co.streefland.rhys.finalyearproject.core.Server - No receiver exists, creating one using code 3
2016-10-25 21:34:47.747 [Thread-8] DEBUG uk.co.streefland.rhys.finalyearproject.core.Server - No receiver exists, creating one using code 3
2016-10-25 21:34:47.748 [Thread-8] DEBUG uk.co.streefland.rhys.finalyearproject.core.Server - No receiver exists, creating one using code 3
2016-10-25 21:34:47.748 [Thread-8] DEBUG uk.co.streefland.rhys.finalyearproject.core.Server - No receiver exists, creating one using code 3
2016-10-25 21:34:47.748 [Thread-8] DEBUG uk.co.streefland.rhys.finalyearproject.core.Server - No receiver exists, creating one using code 3
2016-10-25 21:34:47.748 [Thread-8] DEBUG uk.co.streefland.rhys.finalyearproject.core.Server - No receiver exists, creating one using code 3
2016-10-25 21:34:47.748 [Thread-8] DEBUG uk.co.streefland.rhys.finalyearproject.core.Server - No receiver exists, creating one using code 3
2016-10-25 21:34:47.748 [Thread-8] DEBUG uk.co.streefland.rhys.finalyearproject.core.Server - No receiver exists, creating one using code 3
2016-10-25 21:34:47.749 [Thread-8] DEBUG uk.co.streefland.rhys.finalyearproject.core.Server - No receiver exists, creating one using code 3
2016-10-25 21:34:47.749 [Thread-8] DEBUG uk.co.streefland.rhys.finalyearproject.core.Server - No receiver exists, creating one using code 3
2016-10-25 21:34:47.749 [Thread-8] DEBUG uk.co.streefland.rhys.finalyearproject.core.Server - No receiver exists, creating one using code 3
2016-10-25 21:34:47.749 [Thread-8] DEBUG uk.co.streefland.rhys.finalyearproject.core.Server - No receiver exists, creating one using code 3
2016-10-25 21:34:47.749 [Thread-8] DEBUG uk.co.streefland.rhys.finalyearproject.core.Server - No receiver exists, creating one using code 3
2016-10-25 21:34:47.750 [Thread-8] DEBUG uk.co.streefland.rhys.finalyearproject.core.Server - No receiver exists, creating one using code 3
2016-10-25 21:34:47.750 [Thread-8] DEBUG uk.co.streefland.rhys.finalyearproject.core.Server - No receiver exists, creating one using code 3
2016-10-25 21:34:47.750 [Thread-8] DEBUG uk.co.streefland.rhys.finalyearproject.core.Server - No receiver exists, creating one using code 3
2016-10-25 21:34:47.750 [Thread-8] DEBUG uk.co.streefland.rhys.finalyearproject.core.Server - No receiver exists, creating one using code 3
2016-10-25 21:34:47.750 [Thread-8] DEBUG uk.co.streefland.rhys.finalyearproject.core.Server - No receiver exists, creating one using code 3
2016-10-25 21:34:47.751 [Thread-8] DEBUG uk.co.streefland.rhys.finalyearproject.core.Server - No receiver exists, creating one using code 3
2016-10-25 21:34:47.751 [Thread-8] DEBUG uk.co.streefland.rhys.finalyearproject.core.Server - No receiver exists, creating one using code 3
2016-10-25 21:34:47.751 [Thread-8] DEBUG uk.co.streefland.rhys.finalyearproject.core.Server - No receiver exists, creating one using code 3
2016-10-25 21:34:47.751 [Thread-8] DEBUG uk.co.streefland.rhys.finalyearproject.core.Server - No receiver exists, creating one using code 3
2016-10-25 21:34:47.751 [Thread-8] DEBUG uk.co.streefland.rhys.finalyearproject.core.Server - No receiver exists, creating one using code 3
2016-10-25 21:34:47.751 [Thread-8] DEBUG uk.co.streefland.rhys.finalyearproject.core.Server - No receiver exists, creating one using code 3
2016-10-25 21:34:47.752 [Thread-8] DEBUG uk.co.streefland.rhys.finalyearproject.core.Server - No receiver exists, creating one using code 3
2016-10-25 21:34:47.752 [Thread-8] DEBUG uk.co.streefland.rhys.finalyearproject.core.Server - No receiver exists, creating one using code 3
2016-10-25 21:34:47.752 [Thread-8] DEBUG uk.co.streefland.rhys.finalyearproject.core.Server - No receiver exists, creating one using code 3
2016-10-25 21:34:47.752 [Thread-8] DEBUG uk.co.streefland.rhys.finalyearproject.core.Server - No receiver exists, creating one using code 3
2016-10-25 21:34:47.752 [Thread-8] DEBUG uk.co.streefland.rhys.finalyearproject.core.Server - No receiver exists, creating one using code 3
2016-10-25 21:34:47.753 [Thread-8] DEBUG uk.co.streefland.rhys.finalyearproject.core.Server - No receiver exists, creating one using code 3
2016-10-25 21:34:47.753 [Thread-8] DEBUG uk.co.streefland.rhys.finalyearproject.core.Server - No receiver exists, creating one using code 3
2016-10-25 21:34:47.753 [Thread-8] DEBUG uk.co.streefland.rhys.finalyearproject.core.Server - No receiver exists, creating one using code 3
2016-10-25 21:34:47.753 [Thread-8] DEBUG uk.co.streefland.rhys.finalyearproject.core.Server - No receiver exists, creating one using code 3
2016-10-25 21:34:47.753 [Thread-8] DEBUG uk.co.streefland.rhys.finalyearproject.core.Server - No receiver exists, creating one using code 3
2016-10-25 21:34:47.754 [Thread-8] DEBUG uk.co.streefland.rhys.finalyearproject.core.Server - No receiver exists, creating one using code 3
2016-10-25 21:34:47.754 [Thread-8] DEBUG uk.co.streefland.rhys.finalyearproject.core.Server - No receiver exists, creating one using code 3
2016-10-25 21:34:47.754 [Thread-8] DEBUG uk.co.streefland.rhys.finalyearproject.core.Server - No receiver exists, creating one using code 3
2016-10-25 21:34:47.754 [Thread-8] DEBUG uk.co.streefland.rhys.finalyearproject.core.Server - No receiver exists, creating one using code 3
2016-10-25 21:34:47.755 [Thread-8] DEBUG uk.co.streefland.rhys.finalyearproject.core.Server - No receiver exists, creating one using code 3
2016-10-25 21:34:47.755 [Thread-8] DEBUG uk.co.streefland.rhys.finalyearproject.core.Server - No receiver exists, creating one using code 3
2016-10-25 21:34:47.755 [Thread-8] DEBUG uk.co.streefland.rhys.finalyearproject.core.Server - No receiver exists, creating one using code 3
2016-10-25 21:34:47.755 [Thread-8] DEBUG uk.co.streefland.rhys.finalyearproject.core.Server - No receiver exists, creating one using code 3
2016-10-25 21:34:47.756 [Thread-8] DEBUG uk.co.streefland.rhys.finalyearproject.core.Server - No receiver exists, creating one using code 3
2016-10-25 21:34:47.756 [Thread-8] DEBUG uk.co.streefland.rhys.finalyearproject.core.Server - No receiver exists, creating one using code 3
2016-10-25 21:34:47.756 [Thread-8] DEBUG uk.co.streefland.rhys.finalyearproject.core.Server - No receiver exists, creating one using code 3
2016-10-25 21:34:47.756 [Thread-8] DEBUG uk.co.streefland.rhys.finalyearproject.core.Server - No receiver exists, creating one using code 3
2016-10-25 21:34:47.756 [Thread-8] DEBUG uk.co.streefland.rhys.finalyearproject.core.Server - No receiver exists, creating one using code 3
2016-10-25 21:34:47.756 [Thread-8] DEBUG uk.co.streefland.rhys.finalyearproject.core.Server - No receiver exists, creating one using code 3
2016-10-25 21:34:47.757 [Thread-8] DEBUG uk.co.streefland.rhys.finalyearproject.core.Server - No receiver exists, creating one using code 3
2016-10-25 21:34:47.757 [Thread-8] DEBUG uk.co.streefland.rhys.finalyearproject.core.Server - No receiver exists, creating one using code 3
2016-10-25 21:34:47.757 [Thread-8] DEBUG uk.co.streefland.rhys.finalyearproject.core.Server - No receiver exists, creating one using code 3
2016-10-25 21:34:47.757 [Thread-8] DEBUG uk.co.streefland.rhys.finalyearproject.core.Server - No receiver exists, creating one using code 3
2016-10-25 21:34:47.758 [Thread-8] DEBUG uk.co.streefland.rhys.finalyearproject.core.Server - No receiver exists, creating one using code 6
2016-10-25 21:34:47.759 [pool-3-thread-8] DEBUG uk.co.streefland.rhys.finalyearproject.core.Users - New user added to users: two
2016-10-25 21:34:47.763 [Thread-8] DEBUG uk.co.streefland.rhys.finalyearproject.core.Server - No receiver exists, creating one using code 6
2016-10-25 21:34:47.763 [Thread-8] DEBUG uk.co.streefland.rhys.finalyearproject.core.Server - No receiver exists, creating one using code 6
2016-10-25 21:34:47.763 [pool-3-thread-8] DEBUG uk.co.streefland.rhys.finalyearproject.core.Users - New user added to users: rhys
2016-10-25 21:34:47.763 [pool-3-thread-6] DEBUG uk.co.streefland.rhys.finalyearproject.core.Users - New user added to users: one
2016-10-25 21:34:49.694 [Thread-11] DEBUG uk.co.streefland.rhys.finalyearproject.core.User - Hashing password took 8 ms
2016-10-25 21:34:49.709 [pool-3-thread-6] DEBUG uk.co.streefland.rhys.finalyearproject.operation.user.RegisterUserOperation - ACK received from rhys-pc
2016-10-25 21:34:49.709 [pool-3-thread-8] DEBUG uk.co.streefland.rhys.finalyearproject.operation.user.RegisterUserOperation - ACK received from rhys-pc
2016-10-25 21:34:50.207 [Thread-11] DEBUG uk.co.streefland.rhys.finalyearproject.core.Users - User with the same name exists - discarding
